<?xml version="1.0" encoding="UTF-8"?>
<!-- Generated by org.testng.reporters.JUnitXMLReporter -->
<testsuite ignored="6" hostname="LTIN193301" failures="0" tests="16" name="EdgeTest" time="173.385" errors="0" timestamp="2024-04-04T15:49:50 IST">
  <testcase classname="tests.HomePageTest" name="testHomePageTitle" time="0.02"/>
  <testcase classname="tests.HomePageTest" name="testSelectedDestination" time="2.742"/>
  <testcase classname="tests.HomePageTest" name="testCheckInDate" time="0.318"/>
  <testcase classname="tests.HomePageTest" name="testCheckOutDate" time="0.695"/>
  <testcase classname="tests.HomePageTest" name="testGuestsAndRooms" time="0.608"/>
  <testcase classname="tests.HomePageTest" name="testSearchButton" time="65.788"/>
  <testcase classname="tests.HotelsSearchPageTest" name="testHotelSearchPageTitle" time="0.014"/>
  <testcase classname="tests.HotelsSearchPageTest" name="sortHotels" time="0.577"/>
  <testcase classname="tests.HotelsSearchPageTest" name="selectPropertyType" time="1.063"/>
  <testcase classname="tests.HotelsSearchPageTest" name="selectAmenity" time="3.638"/>
  <testcase classname="tests.HotelsSearchPageTest" name="getHotelsDetails" time="2.134"/>
  <testcase classname="tests.HotelsSearchPageTest" name="moveToHomePage" time="35.353"/>
  <testcase classname="tests.CruisesSearchPageTest" name="moveToCruisePage" time="2.459"/>
  <testcase classname="tests.CruisesSearchPageTest" name="testCruiseSelection" time="4.088"/>
  <testcase classname="tests.CruisesSearchPageTest" name="findShipDetails" time="4.461"/>
  <testcase classname="tests.CruisesSearchPageTest" name="getShipDetails" time="0.203"/>
  <testcase classname="tests.BaseTest" name="@AfterTest tearDown" time="0.0">
    <ignored/>
  </testcase> <!-- @AfterTest tearDown -->
  <testcase classname="tests.BaseTest" name="@AfterTest tearDown" time="0.0">
    <ignored/>
  </testcase> <!-- @AfterTest tearDown -->
  <testcase classname="tests.BaseTest" name="@AfterTest tearDown" time="0.0">
    <ignored/>
  </testcase> <!-- @AfterTest tearDown -->
  <testcase classname="tests.BaseTest" name="@BeforeTest setUp" time="0.0">
    <ignored/>
  </testcase> <!-- @BeforeTest setUp -->
  <testcase classname="tests.BaseTest" name="@BeforeTest setUp" time="0.0">
    <ignored/>
  </testcase> <!-- @BeforeTest setUp -->
  <testcase classname="tests.BaseTest" name="@BeforeTest setUp" time="0.0">
    <ignored/>
  </testcase> <!-- @BeforeTest setUp -->
</testsuite> <!-- EdgeTest -->
