<?xml version="1.0" encoding="UTF-8"?>
<!-- Generated by org.testng.reporters.JUnitXMLReporter -->
<testsuite ignored="4" hostname="LTIN193301" failures="0" tests="6" name="Test" time="36.723" errors="0" timestamp="2024-03-29T15:54:11 IST">
  <testcase classname="tests.HomePageTest" name="testOpenBrowser" time="0.029"/>
  <testcase classname="tests.HomePageTest" name="testSelectedDestination" time="1.87"/>
  <testcase classname="tests.HomePageTest" name="testCheckInDate" time="0.793"/>
  <testcase classname="tests.HomePageTest" name="testGuestsAndRooms" time="0.001"/>
  <testcase classname="tests.HomePageTest" name="testSearchButton" time="0.177"/>
  <testcase classname="tests.HotelsSearchPageTest" name="validateTitle" time="0.017"/>
  <testcase classname="tests.BaseTest" name="@AfterTest tearDown" time="0.0">
    <ignored/>
  </testcase> <!-- @AfterTest tearDown -->
  <testcase classname="tests.BaseTest" name="@AfterTest tearDown" time="0.0">
    <ignored/>
  </testcase> <!-- @AfterTest tearDown -->
  <testcase classname="tests.BaseTest" name="@BeforeTest setUp" time="0.0">
    <ignored/>
  </testcase> <!-- @BeforeTest setUp -->
  <testcase classname="tests.BaseTest" name="@BeforeTest setUp" time="0.0">
    <ignored/>
  </testcase> <!-- @BeforeTest setUp -->
</testsuite> <!-- Test -->
