<?xml version="1.0" encoding="UTF-8"?>
<!-- Generated by org.testng.reporters.JUnitXMLReporter -->
<testsuite ignored="6" hostname="LTIN193301" failures="0" tests="16" name="Test" time="65.954" errors="0" timestamp="2024-04-01T14:55:53 IST">
  <testcase classname="tests.HomePageTest" name="testOpenBrowser" time="0.051"/>
  <testcase classname="tests.HomePageTest" name="testSelectedDestination" time="2.488"/>
  <testcase classname="tests.HomePageTest" name="testCheckInDate" time="1.343"/>
  <testcase classname="tests.HomePageTest" name="testGuestsAndRooms" time="0.873"/>
  <testcase classname="tests.HomePageTest" name="testSearchButton" time="0.26"/>
  <testcase classname="tests.HotelsSearchPageTest" name="validateTitle" time="0.018"/>
  <testcase classname="tests.HotelsSearchPageTest" name="sortHotels" time="0.702"/>
  <testcase classname="tests.HotelsSearchPageTest" name="selectPropertyType" time="2.956"/>
  <testcase classname="tests.HotelsSearchPageTest" name="selectAmenty" time="3.777"/>
  <testcase classname="tests.HotelsSearchPageTest" name="displayPrices" time="1.737"/>
  <testcase classname="tests.HotelsSearchPageTest" name="moveToHomePage" time="3.854"/>
  <testcase classname="tests.CruisesSearchPageTest" name="moveToCruisePage" time="1.617"/>
  <testcase classname="tests.CruisesSearchPageTest" name="testWebPage" time="0.016"/>
  <testcase classname="tests.CruisesSearchPageTest" name="testCruiseSelection" time="0.331"/>
  <testcase classname="tests.CruisesSearchPageTest" name="findShipDetails" time="0.582"/>
  <testcase classname="tests.CruisesSearchPageTest" name="getShipDetails" time="0.831"/>
  <testcase classname="tests.BaseTest" name="@AfterTest tearDown" time="0.0">
    <ignored/>
  </testcase> <!-- @AfterTest tearDown -->
  <testcase classname="tests.BaseTest" name="@AfterTest tearDown" time="0.0">
    <ignored/>
  </testcase> <!-- @AfterTest tearDown -->
  <testcase classname="tests.BaseTest" name="@AfterTest tearDown" time="0.0">
    <ignored/>
  </testcase> <!-- @AfterTest tearDown -->
  <testcase classname="tests.BaseTest" name="@BeforeTest setUp" time="0.0">
    <ignored/>
  </testcase> <!-- @BeforeTest setUp -->
  <testcase classname="tests.BaseTest" name="@BeforeTest setUp" time="0.0">
    <ignored/>
  </testcase> <!-- @BeforeTest setUp -->
  <testcase classname="tests.BaseTest" name="@BeforeTest setUp" time="0.0">
    <ignored/>
  </testcase> <!-- @BeforeTest setUp -->
</testsuite> <!-- Test -->
