<?xml version="1.0" encoding="UTF-8"?>
<testng-results ignored="12" total="44" passed="32" failed="0" skipped="0">
  <reporter-output>
  </reporter-output>
  <suite started-at="2024-04-04T03:19:07 IST" name="Suite" finished-at="2024-04-04T03:29:38 IST" duration-ms="631368">
    <groups>
      <group name="smokeTest">
        <method signature="HomePageTest.testCheckInDate()[pri:3, instance:tests.HomePageTest@1fe20588]" name="testCheckInDate" class="tests.HomePageTest"/>
        <method signature="HomePageTest.testCheckOutDate()[pri:4, instance:tests.HomePageTest@1fe20588]" name="testCheckOutDate" class="tests.HomePageTest"/>
        <method signature="HomePageTest.testGuestsAndRooms()[pri:5, instance:tests.HomePageTest@1fe20588]" name="testGuestsAndRooms" class="tests.HomePageTest"/>
        <method signature="HomePageTest.testHomePageTitle()[pri:1, instance:tests.HomePageTest@1fe20588]" name="testHomePageTitle" class="tests.HomePageTest"/>
        <method signature="HomePageTest.testSearchButton()[pri:6, instance:tests.HomePageTest@1fe20588]" name="testSearchButton" class="tests.HomePageTest"/>
        <method signature="HomePageTest.testSelectedDestination()[pri:2, instance:tests.HomePageTest@1fe20588]" name="testSelectedDestination" class="tests.HomePageTest"/>
        <method signature="HotelsSearchPageTest.getHotelsDetails()[pri:5, instance:tests.HotelsSearchPageTest@2ddc8ecb]" name="getHotelsDetails" class="tests.HotelsSearchPageTest"/>
        <method signature="HotelsSearchPageTest.selectAmenity()[pri:4, instance:tests.HotelsSearchPageTest@2ddc8ecb]" name="selectAmenity" class="tests.HotelsSearchPageTest"/>
        <method signature="HotelsSearchPageTest.selectPropertyType()[pri:3, instance:tests.HotelsSearchPageTest@2ddc8ecb]" name="selectPropertyType" class="tests.HotelsSearchPageTest"/>
        <method signature="HotelsSearchPageTest.sortHotels()[pri:2, instance:tests.HotelsSearchPageTest@2ddc8ecb]" name="sortHotels" class="tests.HotelsSearchPageTest"/>
        <method signature="HotelsSearchPageTest.testHotelSearchPageTitle()[pri:1, instance:tests.HotelsSearchPageTest@2ddc8ecb]" name="testHotelSearchPageTitle" class="tests.HotelsSearchPageTest"/>
        <method signature="HomePageTest.testCheckInDate()[pri:3, instance:tests.HomePageTest@7adda9cc]" name="testCheckInDate" class="tests.HomePageTest"/>
        <method signature="HomePageTest.testCheckOutDate()[pri:4, instance:tests.HomePageTest@7adda9cc]" name="testCheckOutDate" class="tests.HomePageTest"/>
        <method signature="HomePageTest.testGuestsAndRooms()[pri:5, instance:tests.HomePageTest@7adda9cc]" name="testGuestsAndRooms" class="tests.HomePageTest"/>
        <method signature="HomePageTest.testHomePageTitle()[pri:1, instance:tests.HomePageTest@7adda9cc]" name="testHomePageTitle" class="tests.HomePageTest"/>
        <method signature="HomePageTest.testSearchButton()[pri:6, instance:tests.HomePageTest@7adda9cc]" name="testSearchButton" class="tests.HomePageTest"/>
        <method signature="HomePageTest.testSelectedDestination()[pri:2, instance:tests.HomePageTest@7adda9cc]" name="testSelectedDestination" class="tests.HomePageTest"/>
        <method signature="HotelsSearchPageTest.getHotelsDetails()[pri:5, instance:tests.HotelsSearchPageTest@5cee5251]" name="getHotelsDetails" class="tests.HotelsSearchPageTest"/>
        <method signature="HotelsSearchPageTest.selectAmenity()[pri:4, instance:tests.HotelsSearchPageTest@5cee5251]" name="selectAmenity" class="tests.HotelsSearchPageTest"/>
        <method signature="HotelsSearchPageTest.selectPropertyType()[pri:3, instance:tests.HotelsSearchPageTest@5cee5251]" name="selectPropertyType" class="tests.HotelsSearchPageTest"/>
        <method signature="HotelsSearchPageTest.sortHotels()[pri:2, instance:tests.HotelsSearchPageTest@5cee5251]" name="sortHotels" class="tests.HotelsSearchPageTest"/>
        <method signature="HotelsSearchPageTest.testHotelSearchPageTitle()[pri:1, instance:tests.HotelsSearchPageTest@5cee5251]" name="testHotelSearchPageTitle" class="tests.HotelsSearchPageTest"/>
      </group> <!-- smokeTest -->
    </groups>
    <test started-at="2024-04-04T03:19:07 IST" name="ChromeTest" finished-at="2024-04-04T03:21:58 IST" duration-ms="171326">
      <class name="tests.HomePageTest">
        <test-method is-config="true" signature="loading()[pri:0, instance:tests.HomePageTest@1fe20588]" started-at="2024-04-04T03:20:56 IST" name="loading" finished-at="2024-04-04T03:20:56 IST" duration-ms="160" status="PASS">
          <reporter-output>
          </reporter-output>
        </test-method> <!-- loading -->
        <test-method is-config="true" signature="beforeMethod(org.testng.ITestResult)[pri:0, instance:tests.HomePageTest@1fe20588]" started-at="2024-04-04T03:20:56 IST" name="beforeMethod" finished-at="2024-04-04T03:20:56 IST" duration-ms="3" status="PASS">
          <params>
            <param index="0">
              <value>
                <![CDATA[[TestResult name={null} status=CREATED method=HomePageTest.testHomePageTitle()[pri:1, instance:tests.HomePageTest@1fe20588] output={null}]]]>
              </value>
            </param>
          </params>
          <reporter-output>
          </reporter-output>
        </test-method> <!-- beforeMethod -->
        <test-method signature="testHomePageTitle()[pri:1, instance:tests.HomePageTest@1fe20588]" started-at="2024-04-04T03:20:56 IST" name="testHomePageTitle" finished-at="2024-04-04T03:20:56 IST" duration-ms="46" status="PASS">
          <reporter-output>
          </reporter-output>
        </test-method> <!-- testHomePageTitle -->
        <test-method is-config="true" signature="getResult(org.testng.ITestResult)[pri:0, instance:tests.HomePageTest@1fe20588]" started-at="2024-04-04T03:20:56 IST" name="getResult" finished-at="2024-04-04T03:20:57 IST" duration-ms="650" status="PASS">
          <params>
            <param index="0">
              <value>
                <![CDATA[[TestResult name=testHomePageTitle status=SUCCESS method=HomePageTest.testHomePageTitle()[pri:1, instance:tests.HomePageTest@1fe20588] output={null}]]]>
              </value>
            </param>
          </params>
          <reporter-output>
          </reporter-output>
        </test-method> <!-- getResult -->
        <test-method is-config="true" signature="beforeMethod(org.testng.ITestResult)[pri:0, instance:tests.HomePageTest@1fe20588]" started-at="2024-04-04T03:20:57 IST" name="beforeMethod" finished-at="2024-04-04T03:20:57 IST" duration-ms="1" status="PASS">
          <params>
            <param index="0">
              <value>
                <![CDATA[[TestResult name={null} status=CREATED method=HomePageTest.testSelectedDestination()[pri:2, instance:tests.HomePageTest@1fe20588] output={null}]]]>
              </value>
            </param>
          </params>
          <reporter-output>
          </reporter-output>
        </test-method> <!-- beforeMethod -->
        <test-method signature="testSelectedDestination()[pri:2, instance:tests.HomePageTest@1fe20588]" started-at="2024-04-04T03:20:57 IST" name="testSelectedDestination" finished-at="2024-04-04T03:20:59 IST" duration-ms="2747" status="PASS">
          <reporter-output>
          </reporter-output>
        </test-method> <!-- testSelectedDestination -->
        <test-method is-config="true" signature="getResult(org.testng.ITestResult)[pri:0, instance:tests.HomePageTest@1fe20588]" started-at="2024-04-04T03:20:59 IST" name="getResult" finished-at="2024-04-04T03:21:00 IST" duration-ms="424" status="PASS">
          <params>
            <param index="0">
              <value>
                <![CDATA[[TestResult name=testSelectedDestination status=SUCCESS method=HomePageTest.testSelectedDestination()[pri:2, instance:tests.HomePageTest@1fe20588] output={null}]]]>
              </value>
            </param>
          </params>
          <reporter-output>
          </reporter-output>
        </test-method> <!-- getResult -->
        <test-method is-config="true" signature="beforeMethod(org.testng.ITestResult)[pri:0, instance:tests.HomePageTest@1fe20588]" started-at="2024-04-04T03:21:00 IST" name="beforeMethod" finished-at="2024-04-04T03:21:00 IST" duration-ms="1" status="PASS">
          <params>
            <param index="0">
              <value>
                <![CDATA[[TestResult name={null} status=CREATED method=HomePageTest.testCheckInDate()[pri:3, instance:tests.HomePageTest@1fe20588] output={null}]]]>
              </value>
            </param>
          </params>
          <reporter-output>
          </reporter-output>
        </test-method> <!-- beforeMethod -->
        <test-method signature="testCheckInDate()[pri:3, instance:tests.HomePageTest@1fe20588]" started-at="2024-04-04T03:21:00 IST" name="testCheckInDate" finished-at="2024-04-04T03:21:01 IST" duration-ms="707" status="PASS">
          <reporter-output>
          </reporter-output>
        </test-method> <!-- testCheckInDate -->
        <test-method is-config="true" signature="getResult(org.testng.ITestResult)[pri:0, instance:tests.HomePageTest@1fe20588]" started-at="2024-04-04T03:21:01 IST" name="getResult" finished-at="2024-04-04T03:21:01 IST" duration-ms="349" status="PASS">
          <params>
            <param index="0">
              <value>
                <![CDATA[[TestResult name=testCheckInDate status=SUCCESS method=HomePageTest.testCheckInDate()[pri:3, instance:tests.HomePageTest@1fe20588] output={null}]]]>
              </value>
            </param>
          </params>
          <reporter-output>
          </reporter-output>
        </test-method> <!-- getResult -->
        <test-method is-config="true" signature="beforeMethod(org.testng.ITestResult)[pri:0, instance:tests.HomePageTest@1fe20588]" started-at="2024-04-04T03:21:01 IST" name="beforeMethod" finished-at="2024-04-04T03:21:01 IST" duration-ms="0" status="PASS">
          <params>
            <param index="0">
              <value>
                <![CDATA[[TestResult name={null} status=CREATED method=HomePageTest.testCheckOutDate()[pri:4, instance:tests.HomePageTest@1fe20588] output={null}]]]>
              </value>
            </param>
          </params>
          <reporter-output>
          </reporter-output>
        </test-method> <!-- beforeMethod -->
        <test-method signature="testCheckOutDate()[pri:4, instance:tests.HomePageTest@1fe20588]" started-at="2024-04-04T03:21:01 IST" name="testCheckOutDate" finished-at="2024-04-04T03:21:02 IST" duration-ms="649" status="PASS">
          <reporter-output>
          </reporter-output>
        </test-method> <!-- testCheckOutDate -->
        <test-method is-config="true" signature="getResult(org.testng.ITestResult)[pri:0, instance:tests.HomePageTest@1fe20588]" started-at="2024-04-04T03:21:02 IST" name="getResult" finished-at="2024-04-04T03:21:02 IST" duration-ms="393" status="PASS">
          <params>
            <param index="0">
              <value>
                <![CDATA[[TestResult name=testCheckOutDate status=SUCCESS method=HomePageTest.testCheckOutDate()[pri:4, instance:tests.HomePageTest@1fe20588] output={null}]]]>
              </value>
            </param>
          </params>
          <reporter-output>
          </reporter-output>
        </test-method> <!-- getResult -->
        <test-method is-config="true" signature="beforeMethod(org.testng.ITestResult)[pri:0, instance:tests.HomePageTest@1fe20588]" started-at="2024-04-04T03:21:02 IST" name="beforeMethod" finished-at="2024-04-04T03:21:02 IST" duration-ms="1" status="PASS">
          <params>
            <param index="0">
              <value>
                <![CDATA[[TestResult name={null} status=CREATED method=HomePageTest.testGuestsAndRooms()[pri:5, instance:tests.HomePageTest@1fe20588] output={null}]]]>
              </value>
            </param>
          </params>
          <reporter-output>
          </reporter-output>
        </test-method> <!-- beforeMethod -->
        <test-method signature="testGuestsAndRooms()[pri:5, instance:tests.HomePageTest@1fe20588]" started-at="2024-04-04T03:21:02 IST" name="testGuestsAndRooms" finished-at="2024-04-04T03:21:03 IST" duration-ms="1042" status="PASS">
          <reporter-output>
          </reporter-output>
        </test-method> <!-- testGuestsAndRooms -->
        <test-method is-config="true" signature="getResult(org.testng.ITestResult)[pri:0, instance:tests.HomePageTest@1fe20588]" started-at="2024-04-04T03:21:03 IST" name="getResult" finished-at="2024-04-04T03:21:04 IST" duration-ms="491" status="PASS">
          <params>
            <param index="0">
              <value>
                <![CDATA[[TestResult name=testGuestsAndRooms status=SUCCESS method=HomePageTest.testGuestsAndRooms()[pri:5, instance:tests.HomePageTest@1fe20588] output={null}]]]>
              </value>
            </param>
          </params>
          <reporter-output>
          </reporter-output>
        </test-method> <!-- getResult -->
        <test-method is-config="true" signature="beforeMethod(org.testng.ITestResult)[pri:0, instance:tests.HomePageTest@1fe20588]" started-at="2024-04-04T03:21:04 IST" name="beforeMethod" finished-at="2024-04-04T03:21:04 IST" duration-ms="1" status="PASS">
          <params>
            <param index="0">
              <value>
                <![CDATA[[TestResult name={null} status=CREATED method=HomePageTest.testSearchButton()[pri:6, instance:tests.HomePageTest@1fe20588] output={null}]]]>
              </value>
            </param>
          </params>
          <reporter-output>
          </reporter-output>
        </test-method> <!-- beforeMethod -->
        <test-method signature="testSearchButton()[pri:6, instance:tests.HomePageTest@1fe20588]" started-at="2024-04-04T03:21:04 IST" name="testSearchButton" finished-at="2024-04-04T03:21:04 IST" duration-ms="467" status="PASS">
          <reporter-output>
          </reporter-output>
        </test-method> <!-- testSearchButton -->
        <test-method is-config="true" signature="getResult(org.testng.ITestResult)[pri:0, instance:tests.HomePageTest@1fe20588]" started-at="2024-04-04T03:21:04 IST" name="getResult" finished-at="2024-04-04T03:21:20 IST" duration-ms="15614" status="PASS">
          <params>
            <param index="0">
              <value>
                <![CDATA[[TestResult name=testSearchButton status=SUCCESS method=HomePageTest.testSearchButton()[pri:6, instance:tests.HomePageTest@1fe20588] output={null}]]]>
              </value>
            </param>
          </params>
          <reporter-output>
          </reporter-output>
        </test-method> <!-- getResult -->
      </class> <!-- tests.HomePageTest -->
      <class name="tests.BaseTest">
        <test-method is-config="true" signature="setUp(java.lang.String)[pri:0, instance:tests.BaseTest@11a9e7c8]" started-at="2024-04-04T03:19:07 IST" name="setUp" finished-at="2024-04-04T03:20:56 IST" duration-ms="108955" status="PASS">
          <params>
            <param index="0">
              <value>
                <![CDATA[chrome]]>
              </value>
            </param>
          </params>
          <reporter-output>
          </reporter-output>
        </test-method> <!-- setUp -->
        <test-method is-config="true" signature="tearDown()[pri:0, instance:tests.BaseTest@11a9e7c8]" started-at="2024-04-04T03:21:49 IST" name="tearDown" finished-at="2024-04-04T03:21:58 IST" duration-ms="8666" status="PASS">
          <reporter-output>
          </reporter-output>
        </test-method> <!-- tearDown -->
      </class> <!-- tests.BaseTest -->
      <class name="tests.CruisesSearchPageTest">
        <test-method is-config="true" signature="loading()[pri:0, instance:tests.CruisesSearchPageTest@229d10bd]" started-at="2024-04-04T03:21:39 IST" name="loading" finished-at="2024-04-04T03:21:39 IST" duration-ms="7" status="PASS">
          <reporter-output>
          </reporter-output>
        </test-method> <!-- loading -->
        <test-method is-config="true" signature="beforeMethod(org.testng.ITestResult)[pri:0, instance:tests.CruisesSearchPageTest@229d10bd]" started-at="2024-04-04T03:21:39 IST" name="beforeMethod" finished-at="2024-04-04T03:21:39 IST" duration-ms="0" status="PASS">
          <params>
            <param index="0">
              <value>
                <![CDATA[[TestResult name={null} status=CREATED method=CruisesSearchPageTest.moveToCruisePage()[pri:1, instance:tests.CruisesSearchPageTest@229d10bd] output={null}]]]>
              </value>
            </param>
          </params>
          <reporter-output>
          </reporter-output>
        </test-method> <!-- beforeMethod -->
        <test-method signature="moveToCruisePage()[pri:1, instance:tests.CruisesSearchPageTest@229d10bd]" started-at="2024-04-04T03:21:39 IST" name="moveToCruisePage" finished-at="2024-04-04T03:21:42 IST" duration-ms="2677" status="PASS">
          <reporter-output>
          </reporter-output>
        </test-method> <!-- moveToCruisePage -->
        <test-method is-config="true" signature="getResult(org.testng.ITestResult)[pri:0, instance:tests.CruisesSearchPageTest@229d10bd]" started-at="2024-04-04T03:21:42 IST" name="getResult" finished-at="2024-04-04T03:21:42 IST" duration-ms="639" status="PASS">
          <params>
            <param index="0">
              <value>
                <![CDATA[[TestResult name=moveToCruisePage status=SUCCESS method=CruisesSearchPageTest.moveToCruisePage()[pri:1, instance:tests.CruisesSearchPageTest@229d10bd] output={null}]]]>
              </value>
            </param>
          </params>
          <reporter-output>
          </reporter-output>
        </test-method> <!-- getResult -->
        <test-method is-config="true" signature="beforeMethod(org.testng.ITestResult)[pri:0, instance:tests.CruisesSearchPageTest@229d10bd]" started-at="2024-04-04T03:21:42 IST" name="beforeMethod" finished-at="2024-04-04T03:21:42 IST" duration-ms="1" status="PASS">
          <params>
            <param index="0">
              <value>
                <![CDATA[[TestResult name={null} status=CREATED method=CruisesSearchPageTest.testCruiseSelection()[pri:2, instance:tests.CruisesSearchPageTest@229d10bd] output={null}]]]>
              </value>
            </param>
          </params>
          <reporter-output>
          </reporter-output>
        </test-method> <!-- beforeMethod -->
        <test-method signature="testCruiseSelection()[pri:2, instance:tests.CruisesSearchPageTest@229d10bd]" started-at="2024-04-04T03:21:42 IST" name="testCruiseSelection" finished-at="2024-04-04T03:21:45 IST" duration-ms="2534" status="PASS">
          <reporter-output>
          </reporter-output>
        </test-method> <!-- testCruiseSelection -->
        <test-method is-config="true" signature="getResult(org.testng.ITestResult)[pri:0, instance:tests.CruisesSearchPageTest@229d10bd]" started-at="2024-04-04T03:21:45 IST" name="getResult" finished-at="2024-04-04T03:21:45 IST" duration-ms="468" status="PASS">
          <params>
            <param index="0">
              <value>
                <![CDATA[[TestResult name=testCruiseSelection status=SUCCESS method=CruisesSearchPageTest.testCruiseSelection()[pri:2, instance:tests.CruisesSearchPageTest@229d10bd] output={null}]]]>
              </value>
            </param>
          </params>
          <reporter-output>
          </reporter-output>
        </test-method> <!-- getResult -->
        <test-method is-config="true" signature="beforeMethod(org.testng.ITestResult)[pri:0, instance:tests.CruisesSearchPageTest@229d10bd]" started-at="2024-04-04T03:21:45 IST" name="beforeMethod" finished-at="2024-04-04T03:21:45 IST" duration-ms="0" status="PASS">
          <params>
            <param index="0">
              <value>
                <![CDATA[[TestResult name={null} status=CREATED method=CruisesSearchPageTest.findShipDetails()[pri:3, instance:tests.CruisesSearchPageTest@229d10bd] output={null}]]]>
              </value>
            </param>
          </params>
          <reporter-output>
          </reporter-output>
        </test-method> <!-- beforeMethod -->
        <test-method signature="findShipDetails()[pri:3, instance:tests.CruisesSearchPageTest@229d10bd]" started-at="2024-04-04T03:21:45 IST" name="findShipDetails" finished-at="2024-04-04T03:21:48 IST" duration-ms="2600" status="PASS">
          <reporter-output>
          </reporter-output>
        </test-method> <!-- findShipDetails -->
        <test-method is-config="true" signature="getResult(org.testng.ITestResult)[pri:0, instance:tests.CruisesSearchPageTest@229d10bd]" started-at="2024-04-04T03:21:48 IST" name="getResult" finished-at="2024-04-04T03:21:49 IST" duration-ms="646" status="PASS">
          <params>
            <param index="0">
              <value>
                <![CDATA[[TestResult name=findShipDetails status=SUCCESS method=CruisesSearchPageTest.findShipDetails()[pri:3, instance:tests.CruisesSearchPageTest@229d10bd] output={null}]]]>
              </value>
            </param>
          </params>
          <reporter-output>
          </reporter-output>
        </test-method> <!-- getResult -->
        <test-method is-config="true" signature="beforeMethod(org.testng.ITestResult)[pri:0, instance:tests.CruisesSearchPageTest@229d10bd]" started-at="2024-04-04T03:21:49 IST" name="beforeMethod" finished-at="2024-04-04T03:21:49 IST" duration-ms="2" status="PASS">
          <params>
            <param index="0">
              <value>
                <![CDATA[[TestResult name={null} status=CREATED method=CruisesSearchPageTest.getShipDetails()[pri:4, instance:tests.CruisesSearchPageTest@229d10bd] output={null}]]]>
              </value>
            </param>
          </params>
          <reporter-output>
          </reporter-output>
        </test-method> <!-- beforeMethod -->
        <test-method signature="getShipDetails()[pri:4, instance:tests.CruisesSearchPageTest@229d10bd]" started-at="2024-04-04T03:21:49 IST" name="getShipDetails" finished-at="2024-04-04T03:21:49 IST" duration-ms="494" status="PASS">
          <reporter-output>
          </reporter-output>
        </test-method> <!-- getShipDetails -->
        <test-method is-config="true" signature="getResult(org.testng.ITestResult)[pri:0, instance:tests.CruisesSearchPageTest@229d10bd]" started-at="2024-04-04T03:21:49 IST" name="getResult" finished-at="2024-04-04T03:21:49 IST" duration-ms="268" status="PASS">
          <params>
            <param index="0">
              <value>
                <![CDATA[[TestResult name=getShipDetails status=SUCCESS method=CruisesSearchPageTest.getShipDetails()[pri:4, instance:tests.CruisesSearchPageTest@229d10bd] output={null}]]]>
              </value>
            </param>
          </params>
          <reporter-output>
          </reporter-output>
        </test-method> <!-- getResult -->
      </class> <!-- tests.CruisesSearchPageTest -->
      <class name="tests.HotelsSearchPageTest">
        <test-method is-config="true" signature="loading()[pri:0, instance:tests.HotelsSearchPageTest@2ddc8ecb]" started-at="2024-04-04T03:21:20 IST" name="loading" finished-at="2024-04-04T03:21:20 IST" duration-ms="8" status="PASS">
          <reporter-output>
          </reporter-output>
        </test-method> <!-- loading -->
        <test-method is-config="true" signature="beforeMethod(org.testng.ITestResult)[pri:0, instance:tests.HotelsSearchPageTest@2ddc8ecb]" started-at="2024-04-04T03:21:20 IST" name="beforeMethod" finished-at="2024-04-04T03:21:20 IST" duration-ms="1" status="PASS">
          <params>
            <param index="0">
              <value>
                <![CDATA[[TestResult name={null} status=CREATED method=HotelsSearchPageTest.testHotelSearchPageTitle()[pri:1, instance:tests.HotelsSearchPageTest@2ddc8ecb] output={null}]]]>
              </value>
            </param>
          </params>
          <reporter-output>
          </reporter-output>
        </test-method> <!-- beforeMethod -->
        <test-method signature="testHotelSearchPageTitle()[pri:1, instance:tests.HotelsSearchPageTest@2ddc8ecb]" started-at="2024-04-04T03:21:20 IST" name="testHotelSearchPageTitle" finished-at="2024-04-04T03:21:20 IST" duration-ms="23" status="PASS">
          <reporter-output>
          </reporter-output>
        </test-method> <!-- testHotelSearchPageTitle -->
        <test-method is-config="true" signature="getResult(org.testng.ITestResult)[pri:0, instance:tests.HotelsSearchPageTest@2ddc8ecb]" started-at="2024-04-04T03:21:20 IST" name="getResult" finished-at="2024-04-04T03:21:20 IST" duration-ms="403" status="PASS">
          <params>
            <param index="0">
              <value>
                <![CDATA[[TestResult name=testHotelSearchPageTitle status=SUCCESS method=HotelsSearchPageTest.testHotelSearchPageTitle()[pri:1, instance:tests.HotelsSearchPageTest@2ddc8ecb] output={null}]]]>
              </value>
            </param>
          </params>
          <reporter-output>
          </reporter-output>
        </test-method> <!-- getResult -->
        <test-method is-config="true" signature="beforeMethod(org.testng.ITestResult)[pri:0, instance:tests.HotelsSearchPageTest@2ddc8ecb]" started-at="2024-04-04T03:21:20 IST" name="beforeMethod" finished-at="2024-04-04T03:21:20 IST" duration-ms="0" status="PASS">
          <params>
            <param index="0">
              <value>
                <![CDATA[[TestResult name={null} status=CREATED method=HotelsSearchPageTest.sortHotels()[pri:2, instance:tests.HotelsSearchPageTest@2ddc8ecb] output={null}]]]>
              </value>
            </param>
          </params>
          <reporter-output>
          </reporter-output>
        </test-method> <!-- beforeMethod -->
        <test-method signature="sortHotels()[pri:2, instance:tests.HotelsSearchPageTest@2ddc8ecb]" started-at="2024-04-04T03:21:20 IST" name="sortHotels" finished-at="2024-04-04T03:21:22 IST" duration-ms="1465" status="PASS">
          <reporter-output>
          </reporter-output>
        </test-method> <!-- sortHotels -->
        <test-method is-config="true" signature="getResult(org.testng.ITestResult)[pri:0, instance:tests.HotelsSearchPageTest@2ddc8ecb]" started-at="2024-04-04T03:21:22 IST" name="getResult" finished-at="2024-04-04T03:21:22 IST" duration-ms="349" status="PASS">
          <params>
            <param index="0">
              <value>
                <![CDATA[[TestResult name=sortHotels status=SUCCESS method=HotelsSearchPageTest.sortHotels()[pri:2, instance:tests.HotelsSearchPageTest@2ddc8ecb] output={null}]]]>
              </value>
            </param>
          </params>
          <reporter-output>
          </reporter-output>
        </test-method> <!-- getResult -->
        <test-method signature="selectPropertyType()[pri:3, instance:tests.HotelsSearchPageTest@2ddc8ecb]" started-at="2024-04-04T03:21:22 IST" name="selectPropertyType" finished-at="2024-04-04T03:21:28 IST" duration-ms="6443" status="PASS">
          <reporter-output>
          </reporter-output>
        </test-method> <!-- selectPropertyType -->
        <test-method is-config="true" signature="beforeMethod(org.testng.ITestResult)[pri:0, instance:tests.HotelsSearchPageTest@2ddc8ecb]" started-at="2024-04-04T03:21:22 IST" name="beforeMethod" finished-at="2024-04-04T03:21:22 IST" duration-ms="0" status="PASS">
          <params>
            <param index="0">
              <value>
                <![CDATA[[TestResult name={null} status=CREATED method=HotelsSearchPageTest.selectPropertyType()[pri:3, instance:tests.HotelsSearchPageTest@2ddc8ecb] output={null}]]]>
              </value>
            </param>
          </params>
          <reporter-output>
          </reporter-output>
        </test-method> <!-- beforeMethod -->
        <test-method is-config="true" signature="getResult(org.testng.ITestResult)[pri:0, instance:tests.HotelsSearchPageTest@2ddc8ecb]" started-at="2024-04-04T03:21:28 IST" name="getResult" finished-at="2024-04-04T03:21:29 IST" duration-ms="273" status="PASS">
          <params>
            <param index="0">
              <value>
                <![CDATA[[TestResult name=selectPropertyType status=SUCCESS method=HotelsSearchPageTest.selectPropertyType()[pri:3, instance:tests.HotelsSearchPageTest@2ddc8ecb] output={null}]]]>
              </value>
            </param>
          </params>
          <reporter-output>
          </reporter-output>
        </test-method> <!-- getResult -->
        <test-method is-config="true" signature="beforeMethod(org.testng.ITestResult)[pri:0, instance:tests.HotelsSearchPageTest@2ddc8ecb]" started-at="2024-04-04T03:21:29 IST" name="beforeMethod" finished-at="2024-04-04T03:21:29 IST" duration-ms="0" status="PASS">
          <params>
            <param index="0">
              <value>
                <![CDATA[[TestResult name={null} status=CREATED method=HotelsSearchPageTest.selectAmenity()[pri:4, instance:tests.HotelsSearchPageTest@2ddc8ecb] output={null}]]]>
              </value>
            </param>
          </params>
          <reporter-output>
          </reporter-output>
        </test-method> <!-- beforeMethod -->
        <test-method signature="selectAmenity()[pri:4, instance:tests.HotelsSearchPageTest@2ddc8ecb]" started-at="2024-04-04T03:21:29 IST" name="selectAmenity" finished-at="2024-04-04T03:21:33 IST" duration-ms="4124" status="PASS">
          <reporter-output>
          </reporter-output>
        </test-method> <!-- selectAmenity -->
        <test-method is-config="true" signature="getResult(org.testng.ITestResult)[pri:0, instance:tests.HotelsSearchPageTest@2ddc8ecb]" started-at="2024-04-04T03:21:33 IST" name="getResult" finished-at="2024-04-04T03:21:34 IST" duration-ms="1067" status="PASS">
          <params>
            <param index="0">
              <value>
                <![CDATA[[TestResult name=selectAmenity status=SUCCESS method=HotelsSearchPageTest.selectAmenity()[pri:4, instance:tests.HotelsSearchPageTest@2ddc8ecb] output={null}]]]>
              </value>
            </param>
          </params>
          <reporter-output>
          </reporter-output>
        </test-method> <!-- getResult -->
        <test-method is-config="true" signature="beforeMethod(org.testng.ITestResult)[pri:0, instance:tests.HotelsSearchPageTest@2ddc8ecb]" started-at="2024-04-04T03:21:34 IST" name="beforeMethod" finished-at="2024-04-04T03:21:34 IST" duration-ms="1" status="PASS">
          <params>
            <param index="0">
              <value>
                <![CDATA[[TestResult name={null} status=CREATED method=HotelsSearchPageTest.getHotelsDetails()[pri:5, instance:tests.HotelsSearchPageTest@2ddc8ecb] output={null}]]]>
              </value>
            </param>
          </params>
          <reporter-output>
          </reporter-output>
        </test-method> <!-- beforeMethod -->
        <test-method signature="getHotelsDetails()[pri:5, instance:tests.HotelsSearchPageTest@2ddc8ecb]" started-at="2024-04-04T03:21:34 IST" name="getHotelsDetails" finished-at="2024-04-04T03:21:34 IST" duration-ms="422" status="PASS">
          <reporter-output>
          </reporter-output>
        </test-method> <!-- getHotelsDetails -->
        <test-method is-config="true" signature="getResult(org.testng.ITestResult)[pri:0, instance:tests.HotelsSearchPageTest@2ddc8ecb]" started-at="2024-04-04T03:21:34 IST" name="getResult" finished-at="2024-04-04T03:21:34 IST" duration-ms="249" status="PASS">
          <params>
            <param index="0">
              <value>
                <![CDATA[[TestResult name=getHotelsDetails status=SUCCESS method=HotelsSearchPageTest.getHotelsDetails()[pri:5, instance:tests.HotelsSearchPageTest@2ddc8ecb] output={null}]]]>
              </value>
            </param>
          </params>
          <reporter-output>
          </reporter-output>
        </test-method> <!-- getResult -->
        <test-method is-config="true" signature="beforeMethod(org.testng.ITestResult)[pri:0, instance:tests.HotelsSearchPageTest@2ddc8ecb]" started-at="2024-04-04T03:21:34 IST" name="beforeMethod" finished-at="2024-04-04T03:21:34 IST" duration-ms="0" status="PASS">
          <params>
            <param index="0">
              <value>
                <![CDATA[[TestResult name={null} status=CREATED method=HotelsSearchPageTest.moveToHomePage()[pri:5, instance:tests.HotelsSearchPageTest@2ddc8ecb] output={null}]]]>
              </value>
            </param>
          </params>
          <reporter-output>
          </reporter-output>
        </test-method> <!-- beforeMethod -->
        <test-method signature="moveToHomePage()[pri:5, instance:tests.HotelsSearchPageTest@2ddc8ecb]" started-at="2024-04-04T03:21:34 IST" name="moveToHomePage" finished-at="2024-04-04T03:21:37 IST" duration-ms="2956" status="PASS">
          <reporter-output>
          </reporter-output>
        </test-method> <!-- moveToHomePage -->
        <test-method is-config="true" signature="getResult(org.testng.ITestResult)[pri:0, instance:tests.HotelsSearchPageTest@2ddc8ecb]" started-at="2024-04-04T03:21:37 IST" name="getResult" finished-at="2024-04-04T03:21:39 IST" duration-ms="1712" status="PASS">
          <params>
            <param index="0">
              <value>
                <![CDATA[[TestResult name=moveToHomePage status=SUCCESS method=HotelsSearchPageTest.moveToHomePage()[pri:5, instance:tests.HotelsSearchPageTest@2ddc8ecb] output={null}]]]>
              </value>
            </param>
          </params>
          <reporter-output>
          </reporter-output>
        </test-method> <!-- getResult -->
      </class> <!-- tests.HotelsSearchPageTest -->
    </test> <!-- ChromeTest -->
    <test started-at="2024-04-04T03:21:58 IST" name="EdgeTest" finished-at="2024-04-04T03:29:38 IST" duration-ms="459983">
      <class name="tests.HomePageTest">
        <test-method is-config="true" signature="loading()[pri:0, instance:tests.HomePageTest@7adda9cc]" started-at="2024-04-04T03:27:26 IST" name="loading" finished-at="2024-04-04T03:27:26 IST" duration-ms="2" status="PASS">
          <reporter-output>
          </reporter-output>
        </test-method> <!-- loading -->
        <test-method is-config="true" signature="beforeMethod(org.testng.ITestResult)[pri:0, instance:tests.HomePageTest@7adda9cc]" started-at="2024-04-04T03:27:26 IST" name="beforeMethod" finished-at="2024-04-04T03:27:26 IST" duration-ms="1" status="PASS">
          <params>
            <param index="0">
              <value>
                <![CDATA[[TestResult name={null} status=CREATED method=HomePageTest.testHomePageTitle()[pri:1, instance:tests.HomePageTest@7adda9cc] output={null}]]]>
              </value>
            </param>
          </params>
          <reporter-output>
          </reporter-output>
        </test-method> <!-- beforeMethod -->
        <test-method signature="testHomePageTitle()[pri:1, instance:tests.HomePageTest@7adda9cc]" started-at="2024-04-04T03:27:26 IST" name="testHomePageTitle" finished-at="2024-04-04T03:27:26 IST" duration-ms="38" status="PASS">
          <reporter-output>
          </reporter-output>
        </test-method> <!-- testHomePageTitle -->
        <test-method is-config="true" signature="getResult(org.testng.ITestResult)[pri:0, instance:tests.HomePageTest@7adda9cc]" started-at="2024-04-04T03:27:26 IST" name="getResult" finished-at="2024-04-04T03:27:26 IST" duration-ms="513" status="PASS">
          <params>
            <param index="0">
              <value>
                <![CDATA[[TestResult name=testHomePageTitle status=SUCCESS method=HomePageTest.testHomePageTitle()[pri:1, instance:tests.HomePageTest@7adda9cc] output={null}]]]>
              </value>
            </param>
          </params>
          <reporter-output>
          </reporter-output>
        </test-method> <!-- getResult -->
        <test-method is-config="true" signature="beforeMethod(org.testng.ITestResult)[pri:0, instance:tests.HomePageTest@7adda9cc]" started-at="2024-04-04T03:27:26 IST" name="beforeMethod" finished-at="2024-04-04T03:27:26 IST" duration-ms="1" status="PASS">
          <params>
            <param index="0">
              <value>
                <![CDATA[[TestResult name={null} status=CREATED method=HomePageTest.testSelectedDestination()[pri:2, instance:tests.HomePageTest@7adda9cc] output={null}]]]>
              </value>
            </param>
          </params>
          <reporter-output>
          </reporter-output>
        </test-method> <!-- beforeMethod -->
        <test-method signature="testSelectedDestination()[pri:2, instance:tests.HomePageTest@7adda9cc]" started-at="2024-04-04T03:27:26 IST" name="testSelectedDestination" finished-at="2024-04-04T03:27:29 IST" duration-ms="3059" status="PASS">
          <reporter-output>
          </reporter-output>
        </test-method> <!-- testSelectedDestination -->
        <test-method is-config="true" signature="getResult(org.testng.ITestResult)[pri:0, instance:tests.HomePageTest@7adda9cc]" started-at="2024-04-04T03:27:29 IST" name="getResult" finished-at="2024-04-04T03:27:30 IST" duration-ms="331" status="PASS">
          <params>
            <param index="0">
              <value>
                <![CDATA[[TestResult name=testSelectedDestination status=SUCCESS method=HomePageTest.testSelectedDestination()[pri:2, instance:tests.HomePageTest@7adda9cc] output={null}]]]>
              </value>
            </param>
          </params>
          <reporter-output>
          </reporter-output>
        </test-method> <!-- getResult -->
        <test-method signature="testCheckInDate()[pri:3, instance:tests.HomePageTest@7adda9cc]" started-at="2024-04-04T03:27:30 IST" name="testCheckInDate" finished-at="2024-04-04T03:27:30 IST" duration-ms="462" status="PASS">
          <reporter-output>
          </reporter-output>
        </test-method> <!-- testCheckInDate -->
        <test-method is-config="true" signature="beforeMethod(org.testng.ITestResult)[pri:0, instance:tests.HomePageTest@7adda9cc]" started-at="2024-04-04T03:27:30 IST" name="beforeMethod" finished-at="2024-04-04T03:27:30 IST" duration-ms="0" status="PASS">
          <params>
            <param index="0">
              <value>
                <![CDATA[[TestResult name={null} status=CREATED method=HomePageTest.testCheckInDate()[pri:3, instance:tests.HomePageTest@7adda9cc] output={null}]]]>
              </value>
            </param>
          </params>
          <reporter-output>
          </reporter-output>
        </test-method> <!-- beforeMethod -->
        <test-method is-config="true" signature="getResult(org.testng.ITestResult)[pri:0, instance:tests.HomePageTest@7adda9cc]" started-at="2024-04-04T03:27:30 IST" name="getResult" finished-at="2024-04-04T03:27:30 IST" duration-ms="310" status="PASS">
          <params>
            <param index="0">
              <value>
                <![CDATA[[TestResult name=testCheckInDate status=SUCCESS method=HomePageTest.testCheckInDate()[pri:3, instance:tests.HomePageTest@7adda9cc] output={null}]]]>
              </value>
            </param>
          </params>
          <reporter-output>
          </reporter-output>
        </test-method> <!-- getResult -->
        <test-method is-config="true" signature="beforeMethod(org.testng.ITestResult)[pri:0, instance:tests.HomePageTest@7adda9cc]" started-at="2024-04-04T03:27:30 IST" name="beforeMethod" finished-at="2024-04-04T03:27:30 IST" duration-ms="0" status="PASS">
          <params>
            <param index="0">
              <value>
                <![CDATA[[TestResult name={null} status=CREATED method=HomePageTest.testCheckOutDate()[pri:4, instance:tests.HomePageTest@7adda9cc] output={null}]]]>
              </value>
            </param>
          </params>
          <reporter-output>
          </reporter-output>
        </test-method> <!-- beforeMethod -->
        <test-method signature="testCheckOutDate()[pri:4, instance:tests.HomePageTest@7adda9cc]" started-at="2024-04-04T03:27:30 IST" name="testCheckOutDate" finished-at="2024-04-04T03:27:31 IST" duration-ms="550" status="PASS">
          <reporter-output>
          </reporter-output>
        </test-method> <!-- testCheckOutDate -->
        <test-method is-config="true" signature="getResult(org.testng.ITestResult)[pri:0, instance:tests.HomePageTest@7adda9cc]" started-at="2024-04-04T03:27:31 IST" name="getResult" finished-at="2024-04-04T03:27:31 IST" duration-ms="372" status="PASS">
          <params>
            <param index="0">
              <value>
                <![CDATA[[TestResult name=testCheckOutDate status=SUCCESS method=HomePageTest.testCheckOutDate()[pri:4, instance:tests.HomePageTest@7adda9cc] output={null}]]]>
              </value>
            </param>
          </params>
          <reporter-output>
          </reporter-output>
        </test-method> <!-- getResult -->
        <test-method is-config="true" signature="beforeMethod(org.testng.ITestResult)[pri:0, instance:tests.HomePageTest@7adda9cc]" started-at="2024-04-04T03:27:31 IST" name="beforeMethod" finished-at="2024-04-04T03:27:31 IST" duration-ms="2" status="PASS">
          <params>
            <param index="0">
              <value>
                <![CDATA[[TestResult name={null} status=CREATED method=HomePageTest.testGuestsAndRooms()[pri:5, instance:tests.HomePageTest@7adda9cc] output={null}]]]>
              </value>
            </param>
          </params>
          <reporter-output>
          </reporter-output>
        </test-method> <!-- beforeMethod -->
        <test-method signature="testGuestsAndRooms()[pri:5, instance:tests.HomePageTest@7adda9cc]" started-at="2024-04-04T03:27:31 IST" name="testGuestsAndRooms" finished-at="2024-04-04T03:27:32 IST" duration-ms="771" status="PASS">
          <reporter-output>
          </reporter-output>
        </test-method> <!-- testGuestsAndRooms -->
        <test-method is-config="true" signature="getResult(org.testng.ITestResult)[pri:0, instance:tests.HomePageTest@7adda9cc]" started-at="2024-04-04T03:27:32 IST" name="getResult" finished-at="2024-04-04T03:27:33 IST" duration-ms="355" status="PASS">
          <params>
            <param index="0">
              <value>
                <![CDATA[[TestResult name=testGuestsAndRooms status=SUCCESS method=HomePageTest.testGuestsAndRooms()[pri:5, instance:tests.HomePageTest@7adda9cc] output={null}]]]>
              </value>
            </param>
          </params>
          <reporter-output>
          </reporter-output>
        </test-method> <!-- getResult -->
        <test-method signature="testSearchButton()[pri:6, instance:tests.HomePageTest@7adda9cc]" started-at="2024-04-04T03:27:33 IST" name="testSearchButton" finished-at="2024-04-04T03:27:33 IST" duration-ms="388" status="PASS">
          <reporter-output>
          </reporter-output>
        </test-method> <!-- testSearchButton -->
        <test-method is-config="true" signature="beforeMethod(org.testng.ITestResult)[pri:0, instance:tests.HomePageTest@7adda9cc]" started-at="2024-04-04T03:27:33 IST" name="beforeMethod" finished-at="2024-04-04T03:27:33 IST" duration-ms="0" status="PASS">
          <params>
            <param index="0">
              <value>
                <![CDATA[[TestResult name={null} status=CREATED method=HomePageTest.testSearchButton()[pri:6, instance:tests.HomePageTest@7adda9cc] output={null}]]]>
              </value>
            </param>
          </params>
          <reporter-output>
          </reporter-output>
        </test-method> <!-- beforeMethod -->
        <test-method is-config="true" signature="getResult(org.testng.ITestResult)[pri:0, instance:tests.HomePageTest@7adda9cc]" started-at="2024-04-04T03:27:33 IST" name="getResult" finished-at="2024-04-04T03:28:23 IST" duration-ms="50235" status="PASS">
          <params>
            <param index="0">
              <value>
                <![CDATA[[TestResult name=testSearchButton status=SUCCESS method=HomePageTest.testSearchButton()[pri:6, instance:tests.HomePageTest@7adda9cc] output={null}]]]>
              </value>
            </param>
          </params>
          <reporter-output>
          </reporter-output>
        </test-method> <!-- getResult -->
      </class> <!-- tests.HomePageTest -->
      <class name="tests.BaseTest">
        <test-method is-config="true" signature="setUp(java.lang.String)[pri:0, instance:tests.BaseTest@7c0c77c7]" started-at="2024-04-04T03:21:58 IST" name="setUp" finished-at="2024-04-04T03:27:26 IST" duration-ms="327507" status="PASS">
          <params>
            <param index="0">
              <value>
                <![CDATA[edge]]>
              </value>
            </param>
          </params>
          <reporter-output>
          </reporter-output>
        </test-method> <!-- setUp -->
        <test-method is-config="true" signature="tearDown()[pri:0, instance:tests.BaseTest@7c0c77c7]" started-at="2024-04-04T03:29:27 IST" name="tearDown" finished-at="2024-04-04T03:29:38 IST" duration-ms="11154" status="PASS">
          <reporter-output>
          </reporter-output>
        </test-method> <!-- tearDown -->
      </class> <!-- tests.BaseTest -->
      <class name="tests.CruisesSearchPageTest">
        <test-method is-config="true" signature="loading()[pri:0, instance:tests.CruisesSearchPageTest@433d61fb]" started-at="2024-04-04T03:29:08 IST" name="loading" finished-at="2024-04-04T03:29:08 IST" duration-ms="2" status="PASS">
          <reporter-output>
          </reporter-output>
        </test-method> <!-- loading -->
        <test-method is-config="true" signature="beforeMethod(org.testng.ITestResult)[pri:0, instance:tests.CruisesSearchPageTest@433d61fb]" started-at="2024-04-04T03:29:08 IST" name="beforeMethod" finished-at="2024-04-04T03:29:08 IST" duration-ms="1" status="PASS">
          <params>
            <param index="0">
              <value>
                <![CDATA[[TestResult name={null} status=CREATED method=CruisesSearchPageTest.moveToCruisePage()[pri:1, instance:tests.CruisesSearchPageTest@433d61fb] output={null}]]]>
              </value>
            </param>
          </params>
          <reporter-output>
          </reporter-output>
        </test-method> <!-- beforeMethod -->
        <test-method signature="moveToCruisePage()[pri:1, instance:tests.CruisesSearchPageTest@433d61fb]" started-at="2024-04-04T03:29:08 IST" name="moveToCruisePage" finished-at="2024-04-04T03:29:11 IST" duration-ms="3063" status="PASS">
          <reporter-output>
          </reporter-output>
        </test-method> <!-- moveToCruisePage -->
        <test-method is-config="true" signature="getResult(org.testng.ITestResult)[pri:0, instance:tests.CruisesSearchPageTest@433d61fb]" started-at="2024-04-04T03:29:11 IST" name="getResult" finished-at="2024-04-04T03:29:11 IST" duration-ms="771" status="PASS">
          <params>
            <param index="0">
              <value>
                <![CDATA[[TestResult name=moveToCruisePage status=SUCCESS method=CruisesSearchPageTest.moveToCruisePage()[pri:1, instance:tests.CruisesSearchPageTest@433d61fb] output={null}]]]>
              </value>
            </param>
          </params>
          <reporter-output>
          </reporter-output>
        </test-method> <!-- getResult -->
        <test-method is-config="true" signature="beforeMethod(org.testng.ITestResult)[pri:0, instance:tests.CruisesSearchPageTest@433d61fb]" started-at="2024-04-04T03:29:11 IST" name="beforeMethod" finished-at="2024-04-04T03:29:11 IST" duration-ms="1" status="PASS">
          <params>
            <param index="0">
              <value>
                <![CDATA[[TestResult name={null} status=CREATED method=CruisesSearchPageTest.testCruiseSelection()[pri:2, instance:tests.CruisesSearchPageTest@433d61fb] output={null}]]]>
              </value>
            </param>
          </params>
          <reporter-output>
          </reporter-output>
        </test-method> <!-- beforeMethod -->
        <test-method signature="testCruiseSelection()[pri:2, instance:tests.CruisesSearchPageTest@433d61fb]" started-at="2024-04-04T03:29:11 IST" name="testCruiseSelection" finished-at="2024-04-04T03:29:15 IST" duration-ms="3911" status="PASS">
          <reporter-output>
          </reporter-output>
        </test-method> <!-- testCruiseSelection -->
        <test-method is-config="true" signature="getResult(org.testng.ITestResult)[pri:0, instance:tests.CruisesSearchPageTest@433d61fb]" started-at="2024-04-04T03:29:15 IST" name="getResult" finished-at="2024-04-04T03:29:16 IST" duration-ms="586" status="PASS">
          <params>
            <param index="0">
              <value>
                <![CDATA[[TestResult name=testCruiseSelection status=SUCCESS method=CruisesSearchPageTest.testCruiseSelection()[pri:2, instance:tests.CruisesSearchPageTest@433d61fb] output={null}]]]>
              </value>
            </param>
          </params>
          <reporter-output>
          </reporter-output>
        </test-method> <!-- getResult -->
        <test-method is-config="true" signature="beforeMethod(org.testng.ITestResult)[pri:0, instance:tests.CruisesSearchPageTest@433d61fb]" started-at="2024-04-04T03:29:16 IST" name="beforeMethod" finished-at="2024-04-04T03:29:16 IST" duration-ms="1" status="PASS">
          <params>
            <param index="0">
              <value>
                <![CDATA[[TestResult name={null} status=CREATED method=CruisesSearchPageTest.findShipDetails()[pri:3, instance:tests.CruisesSearchPageTest@433d61fb] output={null}]]]>
              </value>
            </param>
          </params>
          <reporter-output>
          </reporter-output>
        </test-method> <!-- beforeMethod -->
        <test-method signature="findShipDetails()[pri:3, instance:tests.CruisesSearchPageTest@433d61fb]" started-at="2024-04-04T03:29:16 IST" name="findShipDetails" finished-at="2024-04-04T03:29:25 IST" duration-ms="9456" status="PASS">
          <reporter-output>
          </reporter-output>
        </test-method> <!-- findShipDetails -->
        <test-method is-config="true" signature="getResult(org.testng.ITestResult)[pri:0, instance:tests.CruisesSearchPageTest@433d61fb]" started-at="2024-04-04T03:29:25 IST" name="getResult" finished-at="2024-04-04T03:29:26 IST" duration-ms="799" status="PASS">
          <params>
            <param index="0">
              <value>
                <![CDATA[[TestResult name=findShipDetails status=SUCCESS method=CruisesSearchPageTest.findShipDetails()[pri:3, instance:tests.CruisesSearchPageTest@433d61fb] output={null}]]]>
              </value>
            </param>
          </params>
          <reporter-output>
          </reporter-output>
        </test-method> <!-- getResult -->
        <test-method is-config="true" signature="beforeMethod(org.testng.ITestResult)[pri:0, instance:tests.CruisesSearchPageTest@433d61fb]" started-at="2024-04-04T03:29:26 IST" name="beforeMethod" finished-at="2024-04-04T03:29:26 IST" duration-ms="1" status="PASS">
          <params>
            <param index="0">
              <value>
                <![CDATA[[TestResult name={null} status=CREATED method=CruisesSearchPageTest.getShipDetails()[pri:4, instance:tests.CruisesSearchPageTest@433d61fb] output={null}]]]>
              </value>
            </param>
          </params>
          <reporter-output>
          </reporter-output>
        </test-method> <!-- beforeMethod -->
        <test-method signature="getShipDetails()[pri:4, instance:tests.CruisesSearchPageTest@433d61fb]" started-at="2024-04-04T03:29:26 IST" name="getShipDetails" finished-at="2024-04-04T03:29:27 IST" duration-ms="565" status="PASS">
          <reporter-output>
          </reporter-output>
        </test-method> <!-- getShipDetails -->
        <test-method is-config="true" signature="getResult(org.testng.ITestResult)[pri:0, instance:tests.CruisesSearchPageTest@433d61fb]" started-at="2024-04-04T03:29:27 IST" name="getResult" finished-at="2024-04-04T03:29:27 IST" duration-ms="355" status="PASS">
          <params>
            <param index="0">
              <value>
                <![CDATA[[TestResult name=getShipDetails status=SUCCESS method=CruisesSearchPageTest.getShipDetails()[pri:4, instance:tests.CruisesSearchPageTest@433d61fb] output={null}]]]>
              </value>
            </param>
          </params>
          <reporter-output>
          </reporter-output>
        </test-method> <!-- getResult -->
      </class> <!-- tests.CruisesSearchPageTest -->
      <class name="tests.HotelsSearchPageTest">
        <test-method is-config="true" signature="loading()[pri:0, instance:tests.HotelsSearchPageTest@5cee5251]" started-at="2024-04-04T03:28:23 IST" name="loading" finished-at="2024-04-04T03:28:23 IST" duration-ms="2" status="PASS">
          <reporter-output>
          </reporter-output>
        </test-method> <!-- loading -->
        <test-method is-config="true" signature="beforeMethod(org.testng.ITestResult)[pri:0, instance:tests.HotelsSearchPageTest@5cee5251]" started-at="2024-04-04T03:28:23 IST" name="beforeMethod" finished-at="2024-04-04T03:28:23 IST" duration-ms="1" status="PASS">
          <params>
            <param index="0">
              <value>
                <![CDATA[[TestResult name={null} status=CREATED method=HotelsSearchPageTest.testHotelSearchPageTitle()[pri:1, instance:tests.HotelsSearchPageTest@5cee5251] output={null}]]]>
              </value>
            </param>
          </params>
          <reporter-output>
          </reporter-output>
        </test-method> <!-- beforeMethod -->
        <test-method signature="testHotelSearchPageTitle()[pri:1, instance:tests.HotelsSearchPageTest@5cee5251]" started-at="2024-04-04T03:28:23 IST" name="testHotelSearchPageTitle" finished-at="2024-04-04T03:28:23 IST" duration-ms="16" status="PASS">
          <reporter-output>
          </reporter-output>
        </test-method> <!-- testHotelSearchPageTitle -->
        <test-method is-config="true" signature="getResult(org.testng.ITestResult)[pri:0, instance:tests.HotelsSearchPageTest@5cee5251]" started-at="2024-04-04T03:28:23 IST" name="getResult" finished-at="2024-04-04T03:28:23 IST" duration-ms="285" status="PASS">
          <params>
            <param index="0">
              <value>
                <![CDATA[[TestResult name=testHotelSearchPageTitle status=SUCCESS method=HotelsSearchPageTest.testHotelSearchPageTitle()[pri:1, instance:tests.HotelsSearchPageTest@5cee5251] output={null}]]]>
              </value>
            </param>
          </params>
          <reporter-output>
          </reporter-output>
        </test-method> <!-- getResult -->
        <test-method is-config="true" signature="beforeMethod(org.testng.ITestResult)[pri:0, instance:tests.HotelsSearchPageTest@5cee5251]" started-at="2024-04-04T03:28:23 IST" name="beforeMethod" finished-at="2024-04-04T03:28:23 IST" duration-ms="1" status="PASS">
          <params>
            <param index="0">
              <value>
                <![CDATA[[TestResult name={null} status=CREATED method=HotelsSearchPageTest.sortHotels()[pri:2, instance:tests.HotelsSearchPageTest@5cee5251] output={null}]]]>
              </value>
            </param>
          </params>
          <reporter-output>
          </reporter-output>
        </test-method> <!-- beforeMethod -->
        <test-method signature="sortHotels()[pri:2, instance:tests.HotelsSearchPageTest@5cee5251]" started-at="2024-04-04T03:28:23 IST" name="sortHotels" finished-at="2024-04-04T03:28:25 IST" duration-ms="1090" status="PASS">
          <reporter-output>
          </reporter-output>
        </test-method> <!-- sortHotels -->
        <test-method is-config="true" signature="getResult(org.testng.ITestResult)[pri:0, instance:tests.HotelsSearchPageTest@5cee5251]" started-at="2024-04-04T03:28:25 IST" name="getResult" finished-at="2024-04-04T03:28:25 IST" duration-ms="377" status="PASS">
          <params>
            <param index="0">
              <value>
                <![CDATA[[TestResult name=sortHotels status=SUCCESS method=HotelsSearchPageTest.sortHotels()[pri:2, instance:tests.HotelsSearchPageTest@5cee5251] output={null}]]]>
              </value>
            </param>
          </params>
          <reporter-output>
          </reporter-output>
        </test-method> <!-- getResult -->
        <test-method is-config="true" signature="beforeMethod(org.testng.ITestResult)[pri:0, instance:tests.HotelsSearchPageTest@5cee5251]" started-at="2024-04-04T03:28:25 IST" name="beforeMethod" finished-at="2024-04-04T03:28:25 IST" duration-ms="1" status="PASS">
          <params>
            <param index="0">
              <value>
                <![CDATA[[TestResult name={null} status=CREATED method=HotelsSearchPageTest.selectPropertyType()[pri:3, instance:tests.HotelsSearchPageTest@5cee5251] output={null}]]]>
              </value>
            </param>
          </params>
          <reporter-output>
          </reporter-output>
        </test-method> <!-- beforeMethod -->
        <test-method signature="selectPropertyType()[pri:3, instance:tests.HotelsSearchPageTest@5cee5251]" started-at="2024-04-04T03:28:25 IST" name="selectPropertyType" finished-at="2024-04-04T03:28:32 IST" duration-ms="6614" status="PASS">
          <reporter-output>
          </reporter-output>
        </test-method> <!-- selectPropertyType -->
        <test-method is-config="true" signature="getResult(org.testng.ITestResult)[pri:0, instance:tests.HotelsSearchPageTest@5cee5251]" started-at="2024-04-04T03:28:32 IST" name="getResult" finished-at="2024-04-04T03:28:32 IST" duration-ms="287" status="PASS">
          <params>
            <param index="0">
              <value>
                <![CDATA[[TestResult name=selectPropertyType status=SUCCESS method=HotelsSearchPageTest.selectPropertyType()[pri:3, instance:tests.HotelsSearchPageTest@5cee5251] output={null}]]]>
              </value>
            </param>
          </params>
          <reporter-output>
          </reporter-output>
        </test-method> <!-- getResult -->
        <test-method signature="selectAmenity()[pri:4, instance:tests.HotelsSearchPageTest@5cee5251]" started-at="2024-04-04T03:28:32 IST" name="selectAmenity" finished-at="2024-04-04T03:28:38 IST" duration-ms="5811" status="PASS">
          <reporter-output>
          </reporter-output>
        </test-method> <!-- selectAmenity -->
        <test-method is-config="true" signature="beforeMethod(org.testng.ITestResult)[pri:0, instance:tests.HotelsSearchPageTest@5cee5251]" started-at="2024-04-04T03:28:32 IST" name="beforeMethod" finished-at="2024-04-04T03:28:32 IST" duration-ms="0" status="PASS">
          <params>
            <param index="0">
              <value>
                <![CDATA[[TestResult name={null} status=CREATED method=HotelsSearchPageTest.selectAmenity()[pri:4, instance:tests.HotelsSearchPageTest@5cee5251] output={null}]]]>
              </value>
            </param>
          </params>
          <reporter-output>
          </reporter-output>
        </test-method> <!-- beforeMethod -->
        <test-method is-config="true" signature="getResult(org.testng.ITestResult)[pri:0, instance:tests.HotelsSearchPageTest@5cee5251]" started-at="2024-04-04T03:28:38 IST" name="getResult" finished-at="2024-04-04T03:28:38 IST" duration-ms="262" status="PASS">
          <params>
            <param index="0">
              <value>
                <![CDATA[[TestResult name=selectAmenity status=SUCCESS method=HotelsSearchPageTest.selectAmenity()[pri:4, instance:tests.HotelsSearchPageTest@5cee5251] output={null}]]]>
              </value>
            </param>
          </params>
          <reporter-output>
          </reporter-output>
        </test-method> <!-- getResult -->
        <test-method is-config="true" signature="beforeMethod(org.testng.ITestResult)[pri:0, instance:tests.HotelsSearchPageTest@5cee5251]" started-at="2024-04-04T03:28:38 IST" name="beforeMethod" finished-at="2024-04-04T03:28:38 IST" duration-ms="0" status="PASS">
          <params>
            <param index="0">
              <value>
                <![CDATA[[TestResult name={null} status=CREATED method=HotelsSearchPageTest.getHotelsDetails()[pri:5, instance:tests.HotelsSearchPageTest@5cee5251] output={null}]]]>
              </value>
            </param>
          </params>
          <reporter-output>
          </reporter-output>
        </test-method> <!-- beforeMethod -->
        <test-method signature="getHotelsDetails()[pri:5, instance:tests.HotelsSearchPageTest@5cee5251]" started-at="2024-04-04T03:28:38 IST" name="getHotelsDetails" finished-at="2024-04-04T03:28:38 IST" duration-ms="287" status="PASS">
          <reporter-output>
          </reporter-output>
        </test-method> <!-- getHotelsDetails -->
        <test-method is-config="true" signature="getResult(org.testng.ITestResult)[pri:0, instance:tests.HotelsSearchPageTest@5cee5251]" started-at="2024-04-04T03:28:38 IST" name="getResult" finished-at="2024-04-04T03:28:38 IST" duration-ms="254" status="PASS">
          <params>
            <param index="0">
              <value>
                <![CDATA[[TestResult name=getHotelsDetails status=SUCCESS method=HotelsSearchPageTest.getHotelsDetails()[pri:5, instance:tests.HotelsSearchPageTest@5cee5251] output={null}]]]>
              </value>
            </param>
          </params>
          <reporter-output>
          </reporter-output>
        </test-method> <!-- getResult -->
        <test-method is-config="true" signature="beforeMethod(org.testng.ITestResult)[pri:0, instance:tests.HotelsSearchPageTest@5cee5251]" started-at="2024-04-04T03:28:38 IST" name="beforeMethod" finished-at="2024-04-04T03:28:38 IST" duration-ms="0" status="PASS">
          <params>
            <param index="0">
              <value>
                <![CDATA[[TestResult name={null} status=CREATED method=HotelsSearchPageTest.moveToHomePage()[pri:5, instance:tests.HotelsSearchPageTest@5cee5251] output={null}]]]>
              </value>
            </param>
          </params>
          <reporter-output>
          </reporter-output>
        </test-method> <!-- beforeMethod -->
        <test-method signature="moveToHomePage()[pri:5, instance:tests.HotelsSearchPageTest@5cee5251]" started-at="2024-04-04T03:28:38 IST" name="moveToHomePage" finished-at="2024-04-04T03:28:43 IST" duration-ms="4189" status="PASS">
          <reporter-output>
          </reporter-output>
        </test-method> <!-- moveToHomePage -->
        <test-method is-config="true" signature="getResult(org.testng.ITestResult)[pri:0, instance:tests.HotelsSearchPageTest@5cee5251]" started-at="2024-04-04T03:28:43 IST" name="getResult" finished-at="2024-04-04T03:29:08 IST" duration-ms="24914" status="PASS">
          <params>
            <param index="0">
              <value>
                <![CDATA[[TestResult name=moveToHomePage status=SUCCESS method=HotelsSearchPageTest.moveToHomePage()[pri:5, instance:tests.HotelsSearchPageTest@5cee5251] output={null}]]]>
              </value>
            </param>
          </params>
          <reporter-output>
          </reporter-output>
        </test-method> <!-- getResult -->
      </class> <!-- tests.HotelsSearchPageTest -->
    </test> <!-- EdgeTest -->
  </suite> <!-- Suite -->
</testng-results>
