<?xml version="1.0" encoding="UTF-8"?>
<testng-results ignored="12" total="44" passed="32" failed="0" skipped="0">
  <reporter-output>
  </reporter-output>
  <suite started-at="2024-04-04T02:48:31 IST" name="Suite" finished-at="2024-04-04T02:50:48 IST" duration-ms="136996">
    <groups>
      <group name="smokeTest">
        <method signature="HomePageTest.testCheckInDate()[pri:3, instance:tests.HomePageTest@4229bb3f]" name="testCheckInDate" class="tests.HomePageTest"/>
        <method signature="HomePageTest.testCheckOutDate()[pri:4, instance:tests.HomePageTest@4229bb3f]" name="testCheckOutDate" class="tests.HomePageTest"/>
        <method signature="HomePageTest.testGuestsAndRooms()[pri:5, instance:tests.HomePageTest@4229bb3f]" name="testGuestsAndRooms" class="tests.HomePageTest"/>
        <method signature="HomePageTest.testHomePageTitle()[pri:1, instance:tests.HomePageTest@4229bb3f]" name="testHomePageTitle" class="tests.HomePageTest"/>
        <method signature="HomePageTest.testSearchButton()[pri:6, instance:tests.HomePageTest@4229bb3f]" name="testSearchButton" class="tests.HomePageTest"/>
        <method signature="HomePageTest.testSelectedDestination()[pri:2, instance:tests.HomePageTest@4229bb3f]" name="testSelectedDestination" class="tests.HomePageTest"/>
        <method signature="HotelsSearchPageTest.getHotelsDetails()[pri:5, instance:tests.HotelsSearchPageTest@20ccf40b]" name="getHotelsDetails" class="tests.HotelsSearchPageTest"/>
        <method signature="HotelsSearchPageTest.selectAmenity()[pri:4, instance:tests.HotelsSearchPageTest@20ccf40b]" name="selectAmenity" class="tests.HotelsSearchPageTest"/>
        <method signature="HotelsSearchPageTest.selectPropertyType()[pri:3, instance:tests.HotelsSearchPageTest@20ccf40b]" name="selectPropertyType" class="tests.HotelsSearchPageTest"/>
        <method signature="HotelsSearchPageTest.sortHotels()[pri:2, instance:tests.HotelsSearchPageTest@20ccf40b]" name="sortHotels" class="tests.HotelsSearchPageTest"/>
        <method signature="HotelsSearchPageTest.testHotelSearchPageTitle()[pri:1, instance:tests.HotelsSearchPageTest@20ccf40b]" name="testHotelSearchPageTitle" class="tests.HotelsSearchPageTest"/>
        <method signature="HomePageTest.testCheckInDate()[pri:3, instance:tests.HomePageTest@31fa1761]" name="testCheckInDate" class="tests.HomePageTest"/>
        <method signature="HomePageTest.testCheckOutDate()[pri:4, instance:tests.HomePageTest@31fa1761]" name="testCheckOutDate" class="tests.HomePageTest"/>
        <method signature="HomePageTest.testGuestsAndRooms()[pri:5, instance:tests.HomePageTest@31fa1761]" name="testGuestsAndRooms" class="tests.HomePageTest"/>
        <method signature="HomePageTest.testHomePageTitle()[pri:1, instance:tests.HomePageTest@31fa1761]" name="testHomePageTitle" class="tests.HomePageTest"/>
        <method signature="HomePageTest.testSearchButton()[pri:6, instance:tests.HomePageTest@31fa1761]" name="testSearchButton" class="tests.HomePageTest"/>
        <method signature="HomePageTest.testSelectedDestination()[pri:2, instance:tests.HomePageTest@31fa1761]" name="testSelectedDestination" class="tests.HomePageTest"/>
        <method signature="HotelsSearchPageTest.getHotelsDetails()[pri:5, instance:tests.HotelsSearchPageTest@957e06]" name="getHotelsDetails" class="tests.HotelsSearchPageTest"/>
        <method signature="HotelsSearchPageTest.selectAmenity()[pri:4, instance:tests.HotelsSearchPageTest@957e06]" name="selectAmenity" class="tests.HotelsSearchPageTest"/>
        <method signature="HotelsSearchPageTest.selectPropertyType()[pri:3, instance:tests.HotelsSearchPageTest@957e06]" name="selectPropertyType" class="tests.HotelsSearchPageTest"/>
        <method signature="HotelsSearchPageTest.sortHotels()[pri:2, instance:tests.HotelsSearchPageTest@957e06]" name="sortHotels" class="tests.HotelsSearchPageTest"/>
        <method signature="HotelsSearchPageTest.testHotelSearchPageTitle()[pri:1, instance:tests.HotelsSearchPageTest@957e06]" name="testHotelSearchPageTitle" class="tests.HotelsSearchPageTest"/>
      </group> <!-- smokeTest -->
    </groups>
    <test started-at="2024-04-04T02:48:31 IST" name="ChromeTest" finished-at="2024-04-04T02:49:33 IST" duration-ms="61986">
      <class name="tests.HomePageTest">
        <test-method is-config="true" signature="loading()[pri:0, instance:tests.HomePageTest@4229bb3f]" started-at="2024-04-04T02:48:44 IST" name="loading" finished-at="2024-04-04T02:48:44 IST" duration-ms="295" status="PASS">
          <reporter-output>
          </reporter-output>
        </test-method> <!-- loading -->
        <test-method is-config="true" signature="beforeMethod(org.testng.ITestResult)[pri:0, instance:tests.HomePageTest@4229bb3f]" started-at="2024-04-04T02:48:44 IST" name="beforeMethod" finished-at="2024-04-04T02:48:44 IST" duration-ms="3" status="PASS">
          <params>
            <param index="0">
              <value>
                <![CDATA[[TestResult name={null} status=CREATED method=HomePageTest.testHomePageTitle()[pri:1, instance:tests.HomePageTest@4229bb3f] output={null}]]]>
              </value>
            </param>
          </params>
          <reporter-output>
          </reporter-output>
        </test-method> <!-- beforeMethod -->
        <test-method signature="testHomePageTitle()[pri:1, instance:tests.HomePageTest@4229bb3f]" started-at="2024-04-04T02:48:44 IST" name="testHomePageTitle" finished-at="2024-04-04T02:48:44 IST" duration-ms="172" status="PASS">
          <reporter-output>
          </reporter-output>
        </test-method> <!-- testHomePageTitle -->
        <test-method is-config="true" signature="getResult(org.testng.ITestResult)[pri:0, instance:tests.HomePageTest@4229bb3f]" started-at="2024-04-04T02:48:44 IST" name="getResult" finished-at="2024-04-04T02:48:45 IST" duration-ms="447" status="PASS">
          <params>
            <param index="0">
              <value>
                <![CDATA[[TestResult name=testHomePageTitle status=SUCCESS method=HomePageTest.testHomePageTitle()[pri:1, instance:tests.HomePageTest@4229bb3f] output={null}]]]>
              </value>
            </param>
          </params>
          <reporter-output>
          </reporter-output>
        </test-method> <!-- getResult -->
        <test-method is-config="true" signature="beforeMethod(org.testng.ITestResult)[pri:0, instance:tests.HomePageTest@4229bb3f]" started-at="2024-04-04T02:48:45 IST" name="beforeMethod" finished-at="2024-04-04T02:48:45 IST" duration-ms="1" status="PASS">
          <params>
            <param index="0">
              <value>
                <![CDATA[[TestResult name={null} status=CREATED method=HomePageTest.testSelectedDestination()[pri:2, instance:tests.HomePageTest@4229bb3f] output={null}]]]>
              </value>
            </param>
          </params>
          <reporter-output>
          </reporter-output>
        </test-method> <!-- beforeMethod -->
        <test-method signature="testSelectedDestination()[pri:2, instance:tests.HomePageTest@4229bb3f]" started-at="2024-04-04T02:48:45 IST" name="testSelectedDestination" finished-at="2024-04-04T02:48:46 IST" duration-ms="1903" status="PASS">
          <reporter-output>
          </reporter-output>
        </test-method> <!-- testSelectedDestination -->
        <test-method is-config="true" signature="getResult(org.testng.ITestResult)[pri:0, instance:tests.HomePageTest@4229bb3f]" started-at="2024-04-04T02:48:46 IST" name="getResult" finished-at="2024-04-04T02:48:47 IST" duration-ms="255" status="PASS">
          <params>
            <param index="0">
              <value>
                <![CDATA[[TestResult name=testSelectedDestination status=SUCCESS method=HomePageTest.testSelectedDestination()[pri:2, instance:tests.HomePageTest@4229bb3f] output={null}]]]>
              </value>
            </param>
          </params>
          <reporter-output>
          </reporter-output>
        </test-method> <!-- getResult -->
        <test-method is-config="true" signature="beforeMethod(org.testng.ITestResult)[pri:0, instance:tests.HomePageTest@4229bb3f]" started-at="2024-04-04T02:48:47 IST" name="beforeMethod" finished-at="2024-04-04T02:48:47 IST" duration-ms="1" status="PASS">
          <params>
            <param index="0">
              <value>
                <![CDATA[[TestResult name={null} status=CREATED method=HomePageTest.testCheckInDate()[pri:3, instance:tests.HomePageTest@4229bb3f] output={null}]]]>
              </value>
            </param>
          </params>
          <reporter-output>
          </reporter-output>
        </test-method> <!-- beforeMethod -->
        <test-method signature="testCheckInDate()[pri:3, instance:tests.HomePageTest@4229bb3f]" started-at="2024-04-04T02:48:47 IST" name="testCheckInDate" finished-at="2024-04-04T02:48:47 IST" duration-ms="429" status="PASS">
          <reporter-output>
          </reporter-output>
        </test-method> <!-- testCheckInDate -->
        <test-method is-config="true" signature="getResult(org.testng.ITestResult)[pri:0, instance:tests.HomePageTest@4229bb3f]" started-at="2024-04-04T02:48:47 IST" name="getResult" finished-at="2024-04-04T02:48:47 IST" duration-ms="258" status="PASS">
          <params>
            <param index="0">
              <value>
                <![CDATA[[TestResult name=testCheckInDate status=SUCCESS method=HomePageTest.testCheckInDate()[pri:3, instance:tests.HomePageTest@4229bb3f] output={null}]]]>
              </value>
            </param>
          </params>
          <reporter-output>
          </reporter-output>
        </test-method> <!-- getResult -->
        <test-method is-config="true" signature="beforeMethod(org.testng.ITestResult)[pri:0, instance:tests.HomePageTest@4229bb3f]" started-at="2024-04-04T02:48:47 IST" name="beforeMethod" finished-at="2024-04-04T02:48:47 IST" duration-ms="1" status="PASS">
          <params>
            <param index="0">
              <value>
                <![CDATA[[TestResult name={null} status=CREATED method=HomePageTest.testCheckOutDate()[pri:4, instance:tests.HomePageTest@4229bb3f] output={null}]]]>
              </value>
            </param>
          </params>
          <reporter-output>
          </reporter-output>
        </test-method> <!-- beforeMethod -->
        <test-method signature="testCheckOutDate()[pri:4, instance:tests.HomePageTest@4229bb3f]" started-at="2024-04-04T02:48:47 IST" name="testCheckOutDate" finished-at="2024-04-04T02:48:48 IST" duration-ms="547" status="PASS">
          <reporter-output>
          </reporter-output>
        </test-method> <!-- testCheckOutDate -->
        <test-method is-config="true" signature="getResult(org.testng.ITestResult)[pri:0, instance:tests.HomePageTest@4229bb3f]" started-at="2024-04-04T02:48:48 IST" name="getResult" finished-at="2024-04-04T02:48:48 IST" duration-ms="275" status="PASS">
          <params>
            <param index="0">
              <value>
                <![CDATA[[TestResult name=testCheckOutDate status=SUCCESS method=HomePageTest.testCheckOutDate()[pri:4, instance:tests.HomePageTest@4229bb3f] output={null}]]]>
              </value>
            </param>
          </params>
          <reporter-output>
          </reporter-output>
        </test-method> <!-- getResult -->
        <test-method is-config="true" signature="beforeMethod(org.testng.ITestResult)[pri:0, instance:tests.HomePageTest@4229bb3f]" started-at="2024-04-04T02:48:48 IST" name="beforeMethod" finished-at="2024-04-04T02:48:48 IST" duration-ms="0" status="PASS">
          <params>
            <param index="0">
              <value>
                <![CDATA[[TestResult name={null} status=CREATED method=HomePageTest.testGuestsAndRooms()[pri:5, instance:tests.HomePageTest@4229bb3f] output={null}]]]>
              </value>
            </param>
          </params>
          <reporter-output>
          </reporter-output>
        </test-method> <!-- beforeMethod -->
        <test-method signature="testGuestsAndRooms()[pri:5, instance:tests.HomePageTest@4229bb3f]" started-at="2024-04-04T02:48:48 IST" name="testGuestsAndRooms" finished-at="2024-04-04T02:48:49 IST" duration-ms="637" status="PASS">
          <reporter-output>
          </reporter-output>
        </test-method> <!-- testGuestsAndRooms -->
        <test-method is-config="true" signature="getResult(org.testng.ITestResult)[pri:0, instance:tests.HomePageTest@4229bb3f]" started-at="2024-04-04T02:48:49 IST" name="getResult" finished-at="2024-04-04T02:48:49 IST" duration-ms="283" status="PASS">
          <params>
            <param index="0">
              <value>
                <![CDATA[[TestResult name=testGuestsAndRooms status=SUCCESS method=HomePageTest.testGuestsAndRooms()[pri:5, instance:tests.HomePageTest@4229bb3f] output={null}]]]>
              </value>
            </param>
          </params>
          <reporter-output>
          </reporter-output>
        </test-method> <!-- getResult -->
        <test-method is-config="true" signature="beforeMethod(org.testng.ITestResult)[pri:0, instance:tests.HomePageTest@4229bb3f]" started-at="2024-04-04T02:48:49 IST" name="beforeMethod" finished-at="2024-04-04T02:48:49 IST" duration-ms="1" status="PASS">
          <params>
            <param index="0">
              <value>
                <![CDATA[[TestResult name={null} status=CREATED method=HomePageTest.testSearchButton()[pri:6, instance:tests.HomePageTest@4229bb3f] output={null}]]]>
              </value>
            </param>
          </params>
          <reporter-output>
          </reporter-output>
        </test-method> <!-- beforeMethod -->
        <test-method signature="testSearchButton()[pri:6, instance:tests.HomePageTest@4229bb3f]" started-at="2024-04-04T02:48:49 IST" name="testSearchButton" finished-at="2024-04-04T02:49:00 IST" duration-ms="10837" status="PASS">
          <reporter-output>
          </reporter-output>
        </test-method> <!-- testSearchButton -->
        <test-method is-config="true" signature="getResult(org.testng.ITestResult)[pri:0, instance:tests.HomePageTest@4229bb3f]" started-at="2024-04-04T02:49:00 IST" name="getResult" finished-at="2024-04-04T02:49:00 IST" duration-ms="259" status="PASS">
          <params>
            <param index="0">
              <value>
                <![CDATA[[TestResult name=testSearchButton status=SUCCESS method=HomePageTest.testSearchButton()[pri:6, instance:tests.HomePageTest@4229bb3f] output={null}]]]>
              </value>
            </param>
          </params>
          <reporter-output>
          </reporter-output>
        </test-method> <!-- getResult -->
      </class> <!-- tests.HomePageTest -->
      <class name="tests.BaseTest">
        <test-method is-config="true" signature="setUp(java.lang.String)[pri:0, instance:tests.BaseTest@4efc180e]" started-at="2024-04-04T02:48:31 IST" name="setUp" finished-at="2024-04-04T02:48:43 IST" duration-ms="12767" status="PASS">
          <params>
            <param index="0">
              <value>
                <![CDATA[chrome]]>
              </value>
            </param>
          </params>
          <reporter-output>
          </reporter-output>
        </test-method> <!-- setUp -->
        <test-method is-config="true" signature="tearDown()[pri:0, instance:tests.BaseTest@4efc180e]" started-at="2024-04-04T02:49:26 IST" name="tearDown" finished-at="2024-04-04T02:49:33 IST" duration-ms="6363" status="PASS">
          <reporter-output>
          </reporter-output>
        </test-method> <!-- tearDown -->
      </class> <!-- tests.BaseTest -->
      <class name="tests.CruisesSearchPageTest">
        <test-method is-config="true" signature="loading()[pri:0, instance:tests.CruisesSearchPageTest@2fb3536e]" started-at="2024-04-04T02:49:18 IST" name="loading" finished-at="2024-04-04T02:49:18 IST" duration-ms="5" status="PASS">
          <reporter-output>
          </reporter-output>
        </test-method> <!-- loading -->
        <test-method is-config="true" signature="beforeMethod(org.testng.ITestResult)[pri:0, instance:tests.CruisesSearchPageTest@2fb3536e]" started-at="2024-04-04T02:49:18 IST" name="beforeMethod" finished-at="2024-04-04T02:49:18 IST" duration-ms="0" status="PASS">
          <params>
            <param index="0">
              <value>
                <![CDATA[[TestResult name={null} status=CREATED method=CruisesSearchPageTest.moveToCruisePage()[pri:1, instance:tests.CruisesSearchPageTest@2fb3536e] output={null}]]]>
              </value>
            </param>
          </params>
          <reporter-output>
          </reporter-output>
        </test-method> <!-- beforeMethod -->
        <test-method signature="moveToCruisePage()[pri:1, instance:tests.CruisesSearchPageTest@2fb3536e]" started-at="2024-04-04T02:49:18 IST" name="moveToCruisePage" finished-at="2024-04-04T02:49:20 IST" duration-ms="1739" status="PASS">
          <reporter-output>
          </reporter-output>
        </test-method> <!-- moveToCruisePage -->
        <test-method is-config="true" signature="getResult(org.testng.ITestResult)[pri:0, instance:tests.CruisesSearchPageTest@2fb3536e]" started-at="2024-04-04T02:49:20 IST" name="getResult" finished-at="2024-04-04T02:49:21 IST" duration-ms="708" status="PASS">
          <params>
            <param index="0">
              <value>
                <![CDATA[[TestResult name=moveToCruisePage status=SUCCESS method=CruisesSearchPageTest.moveToCruisePage()[pri:1, instance:tests.CruisesSearchPageTest@2fb3536e] output={null}]]]>
              </value>
            </param>
          </params>
          <reporter-output>
          </reporter-output>
        </test-method> <!-- getResult -->
        <test-method is-config="true" signature="beforeMethod(org.testng.ITestResult)[pri:0, instance:tests.CruisesSearchPageTest@2fb3536e]" started-at="2024-04-04T02:49:21 IST" name="beforeMethod" finished-at="2024-04-04T02:49:21 IST" duration-ms="1" status="PASS">
          <params>
            <param index="0">
              <value>
                <![CDATA[[TestResult name={null} status=CREATED method=CruisesSearchPageTest.testCruiseSelection()[pri:2, instance:tests.CruisesSearchPageTest@2fb3536e] output={null}]]]>
              </value>
            </param>
          </params>
          <reporter-output>
          </reporter-output>
        </test-method> <!-- beforeMethod -->
        <test-method signature="testCruiseSelection()[pri:2, instance:tests.CruisesSearchPageTest@2fb3536e]" started-at="2024-04-04T02:49:21 IST" name="testCruiseSelection" finished-at="2024-04-04T02:49:23 IST" duration-ms="2398" status="PASS">
          <reporter-output>
          </reporter-output>
        </test-method> <!-- testCruiseSelection -->
        <test-method is-config="true" signature="getResult(org.testng.ITestResult)[pri:0, instance:tests.CruisesSearchPageTest@2fb3536e]" started-at="2024-04-04T02:49:23 IST" name="getResult" finished-at="2024-04-04T02:49:24 IST" duration-ms="283" status="PASS">
          <params>
            <param index="0">
              <value>
                <![CDATA[[TestResult name=testCruiseSelection status=SUCCESS method=CruisesSearchPageTest.testCruiseSelection()[pri:2, instance:tests.CruisesSearchPageTest@2fb3536e] output={null}]]]>
              </value>
            </param>
          </params>
          <reporter-output>
          </reporter-output>
        </test-method> <!-- getResult -->
        <test-method is-config="true" signature="beforeMethod(org.testng.ITestResult)[pri:0, instance:tests.CruisesSearchPageTest@2fb3536e]" started-at="2024-04-04T02:49:24 IST" name="beforeMethod" finished-at="2024-04-04T02:49:24 IST" duration-ms="1" status="PASS">
          <params>
            <param index="0">
              <value>
                <![CDATA[[TestResult name={null} status=CREATED method=CruisesSearchPageTest.findShipDetails()[pri:3, instance:tests.CruisesSearchPageTest@2fb3536e] output={null}]]]>
              </value>
            </param>
          </params>
          <reporter-output>
          </reporter-output>
        </test-method> <!-- beforeMethod -->
        <test-method signature="findShipDetails()[pri:3, instance:tests.CruisesSearchPageTest@2fb3536e]" started-at="2024-04-04T02:49:24 IST" name="findShipDetails" finished-at="2024-04-04T02:49:25 IST" duration-ms="1802" status="PASS">
          <reporter-output>
          </reporter-output>
        </test-method> <!-- findShipDetails -->
        <test-method is-config="true" signature="getResult(org.testng.ITestResult)[pri:0, instance:tests.CruisesSearchPageTest@2fb3536e]" started-at="2024-04-04T02:49:25 IST" name="getResult" finished-at="2024-04-04T02:49:26 IST" duration-ms="380" status="PASS">
          <params>
            <param index="0">
              <value>
                <![CDATA[[TestResult name=findShipDetails status=SUCCESS method=CruisesSearchPageTest.findShipDetails()[pri:3, instance:tests.CruisesSearchPageTest@2fb3536e] output={null}]]]>
              </value>
            </param>
          </params>
          <reporter-output>
          </reporter-output>
        </test-method> <!-- getResult -->
        <test-method is-config="true" signature="beforeMethod(org.testng.ITestResult)[pri:0, instance:tests.CruisesSearchPageTest@2fb3536e]" started-at="2024-04-04T02:49:26 IST" name="beforeMethod" finished-at="2024-04-04T02:49:26 IST" duration-ms="1" status="PASS">
          <params>
            <param index="0">
              <value>
                <![CDATA[[TestResult name={null} status=CREATED method=CruisesSearchPageTest.getShipDetails()[pri:4, instance:tests.CruisesSearchPageTest@2fb3536e] output={null}]]]>
              </value>
            </param>
          </params>
          <reporter-output>
          </reporter-output>
        </test-method> <!-- beforeMethod -->
        <test-method signature="getShipDetails()[pri:4, instance:tests.CruisesSearchPageTest@2fb3536e]" started-at="2024-04-04T02:49:26 IST" name="getShipDetails" finished-at="2024-04-04T02:49:26 IST" duration-ms="362" status="PASS">
          <reporter-output>
          </reporter-output>
        </test-method> <!-- getShipDetails -->
        <test-method is-config="true" signature="getResult(org.testng.ITestResult)[pri:0, instance:tests.CruisesSearchPageTest@2fb3536e]" started-at="2024-04-04T02:49:26 IST" name="getResult" finished-at="2024-04-04T02:49:26 IST" duration-ms="183" status="PASS">
          <params>
            <param index="0">
              <value>
                <![CDATA[[TestResult name=getShipDetails status=SUCCESS method=CruisesSearchPageTest.getShipDetails()[pri:4, instance:tests.CruisesSearchPageTest@2fb3536e] output={null}]]]>
              </value>
            </param>
          </params>
          <reporter-output>
          </reporter-output>
        </test-method> <!-- getResult -->
      </class> <!-- tests.CruisesSearchPageTest -->
      <class name="tests.HotelsSearchPageTest">
        <test-method is-config="true" signature="loading()[pri:0, instance:tests.HotelsSearchPageTest@20ccf40b]" started-at="2024-04-04T02:49:00 IST" name="loading" finished-at="2024-04-04T02:49:00 IST" duration-ms="6" status="PASS">
          <reporter-output>
          </reporter-output>
        </test-method> <!-- loading -->
        <test-method is-config="true" signature="beforeMethod(org.testng.ITestResult)[pri:0, instance:tests.HotelsSearchPageTest@20ccf40b]" started-at="2024-04-04T02:49:00 IST" name="beforeMethod" finished-at="2024-04-04T02:49:00 IST" duration-ms="1" status="PASS">
          <params>
            <param index="0">
              <value>
                <![CDATA[[TestResult name={null} status=CREATED method=HotelsSearchPageTest.testHotelSearchPageTitle()[pri:1, instance:tests.HotelsSearchPageTest@20ccf40b] output={null}]]]>
              </value>
            </param>
          </params>
          <reporter-output>
          </reporter-output>
        </test-method> <!-- beforeMethod -->
        <test-method signature="testHotelSearchPageTitle()[pri:1, instance:tests.HotelsSearchPageTest@20ccf40b]" started-at="2024-04-04T02:49:00 IST" name="testHotelSearchPageTitle" finished-at="2024-04-04T02:49:00 IST" duration-ms="20" status="PASS">
          <reporter-output>
          </reporter-output>
        </test-method> <!-- testHotelSearchPageTitle -->
        <test-method is-config="true" signature="getResult(org.testng.ITestResult)[pri:0, instance:tests.HotelsSearchPageTest@20ccf40b]" started-at="2024-04-04T02:49:00 IST" name="getResult" finished-at="2024-04-04T02:49:01 IST" duration-ms="245" status="PASS">
          <params>
            <param index="0">
              <value>
                <![CDATA[[TestResult name=testHotelSearchPageTitle status=SUCCESS method=HotelsSearchPageTest.testHotelSearchPageTitle()[pri:1, instance:tests.HotelsSearchPageTest@20ccf40b] output={null}]]]>
              </value>
            </param>
          </params>
          <reporter-output>
          </reporter-output>
        </test-method> <!-- getResult -->
        <test-method is-config="true" signature="beforeMethod(org.testng.ITestResult)[pri:0, instance:tests.HotelsSearchPageTest@20ccf40b]" started-at="2024-04-04T02:49:01 IST" name="beforeMethod" finished-at="2024-04-04T02:49:01 IST" duration-ms="1" status="PASS">
          <params>
            <param index="0">
              <value>
                <![CDATA[[TestResult name={null} status=CREATED method=HotelsSearchPageTest.sortHotels()[pri:2, instance:tests.HotelsSearchPageTest@20ccf40b] output={null}]]]>
              </value>
            </param>
          </params>
          <reporter-output>
          </reporter-output>
        </test-method> <!-- beforeMethod -->
        <test-method signature="sortHotels()[pri:2, instance:tests.HotelsSearchPageTest@20ccf40b]" started-at="2024-04-04T02:49:01 IST" name="sortHotels" finished-at="2024-04-04T02:49:02 IST" duration-ms="1101" status="PASS">
          <reporter-output>
          </reporter-output>
        </test-method> <!-- sortHotels -->
        <test-method is-config="true" signature="getResult(org.testng.ITestResult)[pri:0, instance:tests.HotelsSearchPageTest@20ccf40b]" started-at="2024-04-04T02:49:02 IST" name="getResult" finished-at="2024-04-04T02:49:02 IST" duration-ms="368" status="PASS">
          <params>
            <param index="0">
              <value>
                <![CDATA[[TestResult name=sortHotels status=SUCCESS method=HotelsSearchPageTest.sortHotels()[pri:2, instance:tests.HotelsSearchPageTest@20ccf40b] output={null}]]]>
              </value>
            </param>
          </params>
          <reporter-output>
          </reporter-output>
        </test-method> <!-- getResult -->
        <test-method is-config="true" signature="beforeMethod(org.testng.ITestResult)[pri:0, instance:tests.HotelsSearchPageTest@20ccf40b]" started-at="2024-04-04T02:49:02 IST" name="beforeMethod" finished-at="2024-04-04T02:49:02 IST" duration-ms="1" status="PASS">
          <params>
            <param index="0">
              <value>
                <![CDATA[[TestResult name={null} status=CREATED method=HotelsSearchPageTest.selectPropertyType()[pri:3, instance:tests.HotelsSearchPageTest@20ccf40b] output={null}]]]>
              </value>
            </param>
          </params>
          <reporter-output>
          </reporter-output>
        </test-method> <!-- beforeMethod -->
        <test-method signature="selectPropertyType()[pri:3, instance:tests.HotelsSearchPageTest@20ccf40b]" started-at="2024-04-04T02:49:02 IST" name="selectPropertyType" finished-at="2024-04-04T02:49:07 IST" duration-ms="4966" status="PASS">
          <reporter-output>
          </reporter-output>
        </test-method> <!-- selectPropertyType -->
        <test-method is-config="true" signature="getResult(org.testng.ITestResult)[pri:0, instance:tests.HotelsSearchPageTest@20ccf40b]" started-at="2024-04-04T02:49:07 IST" name="getResult" finished-at="2024-04-04T02:49:07 IST" duration-ms="282" status="PASS">
          <params>
            <param index="0">
              <value>
                <![CDATA[[TestResult name=selectPropertyType status=SUCCESS method=HotelsSearchPageTest.selectPropertyType()[pri:3, instance:tests.HotelsSearchPageTest@20ccf40b] output={null}]]]>
              </value>
            </param>
          </params>
          <reporter-output>
          </reporter-output>
        </test-method> <!-- getResult -->
        <test-method is-config="true" signature="beforeMethod(org.testng.ITestResult)[pri:0, instance:tests.HotelsSearchPageTest@20ccf40b]" started-at="2024-04-04T02:49:07 IST" name="beforeMethod" finished-at="2024-04-04T02:49:07 IST" duration-ms="1" status="PASS">
          <params>
            <param index="0">
              <value>
                <![CDATA[[TestResult name={null} status=CREATED method=HotelsSearchPageTest.selectAmenity()[pri:4, instance:tests.HotelsSearchPageTest@20ccf40b] output={null}]]]>
              </value>
            </param>
          </params>
          <reporter-output>
          </reporter-output>
        </test-method> <!-- beforeMethod -->
        <test-method signature="selectAmenity()[pri:4, instance:tests.HotelsSearchPageTest@20ccf40b]" started-at="2024-04-04T02:49:07 IST" name="selectAmenity" finished-at="2024-04-04T02:49:13 IST" duration-ms="5335" status="PASS">
          <reporter-output>
          </reporter-output>
        </test-method> <!-- selectAmenity -->
        <test-method is-config="true" signature="getResult(org.testng.ITestResult)[pri:0, instance:tests.HotelsSearchPageTest@20ccf40b]" started-at="2024-04-04T02:49:13 IST" name="getResult" finished-at="2024-04-04T02:49:13 IST" duration-ms="207" status="PASS">
          <params>
            <param index="0">
              <value>
                <![CDATA[[TestResult name=selectAmenity status=SUCCESS method=HotelsSearchPageTest.selectAmenity()[pri:4, instance:tests.HotelsSearchPageTest@20ccf40b] output={null}]]]>
              </value>
            </param>
          </params>
          <reporter-output>
          </reporter-output>
        </test-method> <!-- getResult -->
        <test-method is-config="true" signature="beforeMethod(org.testng.ITestResult)[pri:0, instance:tests.HotelsSearchPageTest@20ccf40b]" started-at="2024-04-04T02:49:13 IST" name="beforeMethod" finished-at="2024-04-04T02:49:13 IST" duration-ms="1" status="PASS">
          <params>
            <param index="0">
              <value>
                <![CDATA[[TestResult name={null} status=CREATED method=HotelsSearchPageTest.getHotelsDetails()[pri:5, instance:tests.HotelsSearchPageTest@20ccf40b] output={null}]]]>
              </value>
            </param>
          </params>
          <reporter-output>
          </reporter-output>
        </test-method> <!-- beforeMethod -->
        <test-method signature="getHotelsDetails()[pri:5, instance:tests.HotelsSearchPageTest@20ccf40b]" started-at="2024-04-04T02:49:13 IST" name="getHotelsDetails" finished-at="2024-04-04T02:49:14 IST" duration-ms="1184" status="PASS">
          <reporter-output>
          </reporter-output>
        </test-method> <!-- getHotelsDetails -->
        <test-method is-config="true" signature="getResult(org.testng.ITestResult)[pri:0, instance:tests.HotelsSearchPageTest@20ccf40b]" started-at="2024-04-04T02:49:14 IST" name="getResult" finished-at="2024-04-04T02:49:14 IST" duration-ms="202" status="PASS">
          <params>
            <param index="0">
              <value>
                <![CDATA[[TestResult name=getHotelsDetails status=SUCCESS method=HotelsSearchPageTest.getHotelsDetails()[pri:5, instance:tests.HotelsSearchPageTest@20ccf40b] output={null}]]]>
              </value>
            </param>
          </params>
          <reporter-output>
          </reporter-output>
        </test-method> <!-- getResult -->
        <test-method is-config="true" signature="beforeMethod(org.testng.ITestResult)[pri:0, instance:tests.HotelsSearchPageTest@20ccf40b]" started-at="2024-04-04T02:49:14 IST" name="beforeMethod" finished-at="2024-04-04T02:49:14 IST" duration-ms="1" status="PASS">
          <params>
            <param index="0">
              <value>
                <![CDATA[[TestResult name={null} status=CREATED method=HotelsSearchPageTest.moveToHomePage()[pri:5, instance:tests.HotelsSearchPageTest@20ccf40b] output={null}]]]>
              </value>
            </param>
          </params>
          <reporter-output>
          </reporter-output>
        </test-method> <!-- beforeMethod -->
        <test-method signature="moveToHomePage()[pri:5, instance:tests.HotelsSearchPageTest@20ccf40b]" started-at="2024-04-04T02:49:14 IST" name="moveToHomePage" finished-at="2024-04-04T02:49:18 IST" duration-ms="3849" status="PASS">
          <reporter-output>
          </reporter-output>
        </test-method> <!-- moveToHomePage -->
        <test-method is-config="true" signature="getResult(org.testng.ITestResult)[pri:0, instance:tests.HotelsSearchPageTest@20ccf40b]" started-at="2024-04-04T02:49:18 IST" name="getResult" finished-at="2024-04-04T02:49:18 IST" duration-ms="349" status="PASS">
          <params>
            <param index="0">
              <value>
                <![CDATA[[TestResult name=moveToHomePage status=SUCCESS method=HotelsSearchPageTest.moveToHomePage()[pri:5, instance:tests.HotelsSearchPageTest@20ccf40b] output={null}]]]>
              </value>
            </param>
          </params>
          <reporter-output>
          </reporter-output>
        </test-method> <!-- getResult -->
      </class> <!-- tests.HotelsSearchPageTest -->
    </test> <!-- ChromeTest -->
    <test started-at="2024-04-04T02:49:33 IST" name="EdgeTest" finished-at="2024-04-04T02:50:48 IST" duration-ms="74948">
      <class name="tests.HomePageTest">
        <test-method is-config="true" signature="loading()[pri:0, instance:tests.HomePageTest@31fa1761]" started-at="2024-04-04T02:49:49 IST" name="loading" finished-at="2024-04-04T02:49:49 IST" duration-ms="3" status="PASS">
          <reporter-output>
          </reporter-output>
        </test-method> <!-- loading -->
        <test-method is-config="true" signature="beforeMethod(org.testng.ITestResult)[pri:0, instance:tests.HomePageTest@31fa1761]" started-at="2024-04-04T02:49:49 IST" name="beforeMethod" finished-at="2024-04-04T02:49:49 IST" duration-ms="1" status="PASS">
          <params>
            <param index="0">
              <value>
                <![CDATA[[TestResult name={null} status=CREATED method=HomePageTest.testHomePageTitle()[pri:1, instance:tests.HomePageTest@31fa1761] output={null}]]]>
              </value>
            </param>
          </params>
          <reporter-output>
          </reporter-output>
        </test-method> <!-- beforeMethod -->
        <test-method signature="testHomePageTitle()[pri:1, instance:tests.HomePageTest@31fa1761]" started-at="2024-04-04T02:49:49 IST" name="testHomePageTitle" finished-at="2024-04-04T02:49:49 IST" duration-ms="33" status="PASS">
          <reporter-output>
          </reporter-output>
        </test-method> <!-- testHomePageTitle -->
        <test-method is-config="true" signature="getResult(org.testng.ITestResult)[pri:0, instance:tests.HomePageTest@31fa1761]" started-at="2024-04-04T02:49:49 IST" name="getResult" finished-at="2024-04-04T02:49:50 IST" duration-ms="682" status="PASS">
          <params>
            <param index="0">
              <value>
                <![CDATA[[TestResult name=testHomePageTitle status=SUCCESS method=HomePageTest.testHomePageTitle()[pri:1, instance:tests.HomePageTest@31fa1761] output={null}]]]>
              </value>
            </param>
          </params>
          <reporter-output>
          </reporter-output>
        </test-method> <!-- getResult -->
        <test-method signature="testSelectedDestination()[pri:2, instance:tests.HomePageTest@31fa1761]" started-at="2024-04-04T02:49:50 IST" name="testSelectedDestination" finished-at="2024-04-04T02:49:52 IST" duration-ms="2053" status="PASS">
          <reporter-output>
          </reporter-output>
        </test-method> <!-- testSelectedDestination -->
        <test-method is-config="true" signature="beforeMethod(org.testng.ITestResult)[pri:0, instance:tests.HomePageTest@31fa1761]" started-at="2024-04-04T02:49:50 IST" name="beforeMethod" finished-at="2024-04-04T02:49:50 IST" duration-ms="0" status="PASS">
          <params>
            <param index="0">
              <value>
                <![CDATA[[TestResult name={null} status=CREATED method=HomePageTest.testSelectedDestination()[pri:2, instance:tests.HomePageTest@31fa1761] output={null}]]]>
              </value>
            </param>
          </params>
          <reporter-output>
          </reporter-output>
        </test-method> <!-- beforeMethod -->
        <test-method is-config="true" signature="getResult(org.testng.ITestResult)[pri:0, instance:tests.HomePageTest@31fa1761]" started-at="2024-04-04T02:49:52 IST" name="getResult" finished-at="2024-04-04T02:49:52 IST" duration-ms="254" status="PASS">
          <params>
            <param index="0">
              <value>
                <![CDATA[[TestResult name=testSelectedDestination status=SUCCESS method=HomePageTest.testSelectedDestination()[pri:2, instance:tests.HomePageTest@31fa1761] output={null}]]]>
              </value>
            </param>
          </params>
          <reporter-output>
          </reporter-output>
        </test-method> <!-- getResult -->
        <test-method is-config="true" signature="beforeMethod(org.testng.ITestResult)[pri:0, instance:tests.HomePageTest@31fa1761]" started-at="2024-04-04T02:49:52 IST" name="beforeMethod" finished-at="2024-04-04T02:49:52 IST" duration-ms="0" status="PASS">
          <params>
            <param index="0">
              <value>
                <![CDATA[[TestResult name={null} status=CREATED method=HomePageTest.testCheckInDate()[pri:3, instance:tests.HomePageTest@31fa1761] output={null}]]]>
              </value>
            </param>
          </params>
          <reporter-output>
          </reporter-output>
        </test-method> <!-- beforeMethod -->
        <test-method signature="testCheckInDate()[pri:3, instance:tests.HomePageTest@31fa1761]" started-at="2024-04-04T02:49:52 IST" name="testCheckInDate" finished-at="2024-04-04T02:49:53 IST" duration-ms="358" status="PASS">
          <reporter-output>
          </reporter-output>
        </test-method> <!-- testCheckInDate -->
        <test-method is-config="true" signature="getResult(org.testng.ITestResult)[pri:0, instance:tests.HomePageTest@31fa1761]" started-at="2024-04-04T02:49:53 IST" name="getResult" finished-at="2024-04-04T02:49:53 IST" duration-ms="279" status="PASS">
          <params>
            <param index="0">
              <value>
                <![CDATA[[TestResult name=testCheckInDate status=SUCCESS method=HomePageTest.testCheckInDate()[pri:3, instance:tests.HomePageTest@31fa1761] output={null}]]]>
              </value>
            </param>
          </params>
          <reporter-output>
          </reporter-output>
        </test-method> <!-- getResult -->
        <test-method is-config="true" signature="beforeMethod(org.testng.ITestResult)[pri:0, instance:tests.HomePageTest@31fa1761]" started-at="2024-04-04T02:49:53 IST" name="beforeMethod" finished-at="2024-04-04T02:49:53 IST" duration-ms="1" status="PASS">
          <params>
            <param index="0">
              <value>
                <![CDATA[[TestResult name={null} status=CREATED method=HomePageTest.testCheckOutDate()[pri:4, instance:tests.HomePageTest@31fa1761] output={null}]]]>
              </value>
            </param>
          </params>
          <reporter-output>
          </reporter-output>
        </test-method> <!-- beforeMethod -->
        <test-method signature="testCheckOutDate()[pri:4, instance:tests.HomePageTest@31fa1761]" started-at="2024-04-04T02:49:53 IST" name="testCheckOutDate" finished-at="2024-04-04T02:49:54 IST" duration-ms="565" status="PASS">
          <reporter-output>
          </reporter-output>
        </test-method> <!-- testCheckOutDate -->
        <test-method is-config="true" signature="getResult(org.testng.ITestResult)[pri:0, instance:tests.HomePageTest@31fa1761]" started-at="2024-04-04T02:49:54 IST" name="getResult" finished-at="2024-04-04T02:49:54 IST" duration-ms="283" status="PASS">
          <params>
            <param index="0">
              <value>
                <![CDATA[[TestResult name=testCheckOutDate status=SUCCESS method=HomePageTest.testCheckOutDate()[pri:4, instance:tests.HomePageTest@31fa1761] output={null}]]]>
              </value>
            </param>
          </params>
          <reporter-output>
          </reporter-output>
        </test-method> <!-- getResult -->
        <test-method is-config="true" signature="beforeMethod(org.testng.ITestResult)[pri:0, instance:tests.HomePageTest@31fa1761]" started-at="2024-04-04T02:49:54 IST" name="beforeMethod" finished-at="2024-04-04T02:49:54 IST" duration-ms="0" status="PASS">
          <params>
            <param index="0">
              <value>
                <![CDATA[[TestResult name={null} status=CREATED method=HomePageTest.testGuestsAndRooms()[pri:5, instance:tests.HomePageTest@31fa1761] output={null}]]]>
              </value>
            </param>
          </params>
          <reporter-output>
          </reporter-output>
        </test-method> <!-- beforeMethod -->
        <test-method signature="testGuestsAndRooms()[pri:5, instance:tests.HomePageTest@31fa1761]" started-at="2024-04-04T02:49:54 IST" name="testGuestsAndRooms" finished-at="2024-04-04T02:49:55 IST" duration-ms="765" status="PASS">
          <reporter-output>
          </reporter-output>
        </test-method> <!-- testGuestsAndRooms -->
        <test-method is-config="true" signature="getResult(org.testng.ITestResult)[pri:0, instance:tests.HomePageTest@31fa1761]" started-at="2024-04-04T02:49:55 IST" name="getResult" finished-at="2024-04-04T02:49:55 IST" duration-ms="284" status="PASS">
          <params>
            <param index="0">
              <value>
                <![CDATA[[TestResult name=testGuestsAndRooms status=SUCCESS method=HomePageTest.testGuestsAndRooms()[pri:5, instance:tests.HomePageTest@31fa1761] output={null}]]]>
              </value>
            </param>
          </params>
          <reporter-output>
          </reporter-output>
        </test-method> <!-- getResult -->
        <test-method signature="testSearchButton()[pri:6, instance:tests.HomePageTest@31fa1761]" started-at="2024-04-04T02:49:55 IST" name="testSearchButton" finished-at="2024-04-04T02:49:55 IST" duration-ms="278" status="PASS">
          <reporter-output>
          </reporter-output>
        </test-method> <!-- testSearchButton -->
        <test-method is-config="true" signature="beforeMethod(org.testng.ITestResult)[pri:0, instance:tests.HomePageTest@31fa1761]" started-at="2024-04-04T02:49:55 IST" name="beforeMethod" finished-at="2024-04-04T02:49:55 IST" duration-ms="0" status="PASS">
          <params>
            <param index="0">
              <value>
                <![CDATA[[TestResult name={null} status=CREATED method=HomePageTest.testSearchButton()[pri:6, instance:tests.HomePageTest@31fa1761] output={null}]]]>
              </value>
            </param>
          </params>
          <reporter-output>
          </reporter-output>
        </test-method> <!-- beforeMethod -->
        <test-method is-config="true" signature="getResult(org.testng.ITestResult)[pri:0, instance:tests.HomePageTest@31fa1761]" started-at="2024-04-04T02:49:55 IST" name="getResult" finished-at="2024-04-04T02:50:07 IST" duration-ms="11460" status="PASS">
          <params>
            <param index="0">
              <value>
                <![CDATA[[TestResult name=testSearchButton status=SUCCESS method=HomePageTest.testSearchButton()[pri:6, instance:tests.HomePageTest@31fa1761] output={null}]]]>
              </value>
            </param>
          </params>
          <reporter-output>
          </reporter-output>
        </test-method> <!-- getResult -->
      </class> <!-- tests.HomePageTest -->
      <class name="tests.BaseTest">
        <test-method is-config="true" signature="setUp(java.lang.String)[pri:0, instance:tests.BaseTest@729d991e]" started-at="2024-04-04T02:49:33 IST" name="setUp" finished-at="2024-04-04T02:49:49 IST" duration-ms="16644" status="PASS">
          <params>
            <param index="0">
              <value>
                <![CDATA[edge]]>
              </value>
            </param>
          </params>
          <reporter-output>
          </reporter-output>
        </test-method> <!-- setUp -->
        <test-method is-config="true" signature="tearDown()[pri:0, instance:tests.BaseTest@729d991e]" started-at="2024-04-04T02:50:40 IST" name="tearDown" finished-at="2024-04-04T02:50:48 IST" duration-ms="7315" status="PASS">
          <reporter-output>
          </reporter-output>
        </test-method> <!-- tearDown -->
      </class> <!-- tests.BaseTest -->
      <class name="tests.CruisesSearchPageTest">
        <test-method is-config="true" signature="loading()[pri:0, instance:tests.CruisesSearchPageTest@32502377]" started-at="2024-04-04T02:50:32 IST" name="loading" finished-at="2024-04-04T02:50:32 IST" duration-ms="1" status="PASS">
          <reporter-output>
          </reporter-output>
        </test-method> <!-- loading -->
        <test-method is-config="true" signature="beforeMethod(org.testng.ITestResult)[pri:0, instance:tests.CruisesSearchPageTest@32502377]" started-at="2024-04-04T02:50:32 IST" name="beforeMethod" finished-at="2024-04-04T02:50:32 IST" duration-ms="1" status="PASS">
          <params>
            <param index="0">
              <value>
                <![CDATA[[TestResult name={null} status=CREATED method=CruisesSearchPageTest.moveToCruisePage()[pri:1, instance:tests.CruisesSearchPageTest@32502377] output={null}]]]>
              </value>
            </param>
          </params>
          <reporter-output>
          </reporter-output>
        </test-method> <!-- beforeMethod -->
        <test-method signature="moveToCruisePage()[pri:1, instance:tests.CruisesSearchPageTest@32502377]" started-at="2024-04-04T02:50:32 IST" name="moveToCruisePage" finished-at="2024-04-04T02:50:34 IST" duration-ms="2246" status="PASS">
          <reporter-output>
          </reporter-output>
        </test-method> <!-- moveToCruisePage -->
        <test-method is-config="true" signature="getResult(org.testng.ITestResult)[pri:0, instance:tests.CruisesSearchPageTest@32502377]" started-at="2024-04-04T02:50:34 IST" name="getResult" finished-at="2024-04-04T02:50:35 IST" duration-ms="635" status="PASS">
          <params>
            <param index="0">
              <value>
                <![CDATA[[TestResult name=moveToCruisePage status=SUCCESS method=CruisesSearchPageTest.moveToCruisePage()[pri:1, instance:tests.CruisesSearchPageTest@32502377] output={null}]]]>
              </value>
            </param>
          </params>
          <reporter-output>
          </reporter-output>
        </test-method> <!-- getResult -->
        <test-method is-config="true" signature="beforeMethod(org.testng.ITestResult)[pri:0, instance:tests.CruisesSearchPageTest@32502377]" started-at="2024-04-04T02:50:35 IST" name="beforeMethod" finished-at="2024-04-04T02:50:35 IST" duration-ms="1" status="PASS">
          <params>
            <param index="0">
              <value>
                <![CDATA[[TestResult name={null} status=CREATED method=CruisesSearchPageTest.testCruiseSelection()[pri:2, instance:tests.CruisesSearchPageTest@32502377] output={null}]]]>
              </value>
            </param>
          </params>
          <reporter-output>
          </reporter-output>
        </test-method> <!-- beforeMethod -->
        <test-method signature="testCruiseSelection()[pri:2, instance:tests.CruisesSearchPageTest@32502377]" started-at="2024-04-04T02:50:35 IST" name="testCruiseSelection" finished-at="2024-04-04T02:50:37 IST" duration-ms="2240" status="PASS">
          <reporter-output>
          </reporter-output>
        </test-method> <!-- testCruiseSelection -->
        <test-method is-config="true" signature="getResult(org.testng.ITestResult)[pri:0, instance:tests.CruisesSearchPageTest@32502377]" started-at="2024-04-04T02:50:37 IST" name="getResult" finished-at="2024-04-04T02:50:37 IST" duration-ms="298" status="PASS">
          <params>
            <param index="0">
              <value>
                <![CDATA[[TestResult name=testCruiseSelection status=SUCCESS method=CruisesSearchPageTest.testCruiseSelection()[pri:2, instance:tests.CruisesSearchPageTest@32502377] output={null}]]]>
              </value>
            </param>
          </params>
          <reporter-output>
          </reporter-output>
        </test-method> <!-- getResult -->
        <test-method is-config="true" signature="beforeMethod(org.testng.ITestResult)[pri:0, instance:tests.CruisesSearchPageTest@32502377]" started-at="2024-04-04T02:50:37 IST" name="beforeMethod" finished-at="2024-04-04T02:50:37 IST" duration-ms="0" status="PASS">
          <params>
            <param index="0">
              <value>
                <![CDATA[[TestResult name={null} status=CREATED method=CruisesSearchPageTest.findShipDetails()[pri:3, instance:tests.CruisesSearchPageTest@32502377] output={null}]]]>
              </value>
            </param>
          </params>
          <reporter-output>
          </reporter-output>
        </test-method> <!-- beforeMethod -->
        <test-method signature="findShipDetails()[pri:3, instance:tests.CruisesSearchPageTest@32502377]" started-at="2024-04-04T02:50:37 IST" name="findShipDetails" finished-at="2024-04-04T02:50:39 IST" duration-ms="1858" status="PASS">
          <reporter-output>
          </reporter-output>
        </test-method> <!-- findShipDetails -->
        <test-method is-config="true" signature="getResult(org.testng.ITestResult)[pri:0, instance:tests.CruisesSearchPageTest@32502377]" started-at="2024-04-04T02:50:39 IST" name="getResult" finished-at="2024-04-04T02:50:40 IST" duration-ms="453" status="PASS">
          <params>
            <param index="0">
              <value>
                <![CDATA[[TestResult name=findShipDetails status=SUCCESS method=CruisesSearchPageTest.findShipDetails()[pri:3, instance:tests.CruisesSearchPageTest@32502377] output={null}]]]>
              </value>
            </param>
          </params>
          <reporter-output>
          </reporter-output>
        </test-method> <!-- getResult -->
        <test-method is-config="true" signature="beforeMethod(org.testng.ITestResult)[pri:0, instance:tests.CruisesSearchPageTest@32502377]" started-at="2024-04-04T02:50:40 IST" name="beforeMethod" finished-at="2024-04-04T02:50:40 IST" duration-ms="0" status="PASS">
          <params>
            <param index="0">
              <value>
                <![CDATA[[TestResult name={null} status=CREATED method=CruisesSearchPageTest.getShipDetails()[pri:4, instance:tests.CruisesSearchPageTest@32502377] output={null}]]]>
              </value>
            </param>
          </params>
          <reporter-output>
          </reporter-output>
        </test-method> <!-- beforeMethod -->
        <test-method signature="getShipDetails()[pri:4, instance:tests.CruisesSearchPageTest@32502377]" started-at="2024-04-04T02:50:40 IST" name="getShipDetails" finished-at="2024-04-04T02:50:40 IST" duration-ms="571" status="PASS">
          <reporter-output>
          </reporter-output>
        </test-method> <!-- getShipDetails -->
        <test-method is-config="true" signature="getResult(org.testng.ITestResult)[pri:0, instance:tests.CruisesSearchPageTest@32502377]" started-at="2024-04-04T02:50:40 IST" name="getResult" finished-at="2024-04-04T02:50:40 IST" duration-ms="216" status="PASS">
          <params>
            <param index="0">
              <value>
                <![CDATA[[TestResult name=getShipDetails status=SUCCESS method=CruisesSearchPageTest.getShipDetails()[pri:4, instance:tests.CruisesSearchPageTest@32502377] output={null}]]]>
              </value>
            </param>
          </params>
          <reporter-output>
          </reporter-output>
        </test-method> <!-- getResult -->
      </class> <!-- tests.CruisesSearchPageTest -->
      <class name="tests.HotelsSearchPageTest">
        <test-method is-config="true" signature="loading()[pri:0, instance:tests.HotelsSearchPageTest@957e06]" started-at="2024-04-04T02:50:07 IST" name="loading" finished-at="2024-04-04T02:50:07 IST" duration-ms="1" status="PASS">
          <reporter-output>
          </reporter-output>
        </test-method> <!-- loading -->
        <test-method is-config="true" signature="beforeMethod(org.testng.ITestResult)[pri:0, instance:tests.HotelsSearchPageTest@957e06]" started-at="2024-04-04T02:50:07 IST" name="beforeMethod" finished-at="2024-04-04T02:50:07 IST" duration-ms="0" status="PASS">
          <params>
            <param index="0">
              <value>
                <![CDATA[[TestResult name={null} status=CREATED method=HotelsSearchPageTest.testHotelSearchPageTitle()[pri:1, instance:tests.HotelsSearchPageTest@957e06] output={null}]]]>
              </value>
            </param>
          </params>
          <reporter-output>
          </reporter-output>
        </test-method> <!-- beforeMethod -->
        <test-method signature="testHotelSearchPageTitle()[pri:1, instance:tests.HotelsSearchPageTest@957e06]" started-at="2024-04-04T02:50:07 IST" name="testHotelSearchPageTitle" finished-at="2024-04-04T02:50:07 IST" duration-ms="17" status="PASS">
          <reporter-output>
          </reporter-output>
        </test-method> <!-- testHotelSearchPageTitle -->
        <test-method is-config="true" signature="getResult(org.testng.ITestResult)[pri:0, instance:tests.HotelsSearchPageTest@957e06]" started-at="2024-04-04T02:50:07 IST" name="getResult" finished-at="2024-04-04T02:50:07 IST" duration-ms="243" status="PASS">
          <params>
            <param index="0">
              <value>
                <![CDATA[[TestResult name=testHotelSearchPageTitle status=SUCCESS method=HotelsSearchPageTest.testHotelSearchPageTitle()[pri:1, instance:tests.HotelsSearchPageTest@957e06] output={null}]]]>
              </value>
            </param>
          </params>
          <reporter-output>
          </reporter-output>
        </test-method> <!-- getResult -->
        <test-method is-config="true" signature="beforeMethod(org.testng.ITestResult)[pri:0, instance:tests.HotelsSearchPageTest@957e06]" started-at="2024-04-04T02:50:07 IST" name="beforeMethod" finished-at="2024-04-04T02:50:07 IST" duration-ms="1" status="PASS">
          <params>
            <param index="0">
              <value>
                <![CDATA[[TestResult name={null} status=CREATED method=HotelsSearchPageTest.sortHotels()[pri:2, instance:tests.HotelsSearchPageTest@957e06] output={null}]]]>
              </value>
            </param>
          </params>
          <reporter-output>
          </reporter-output>
        </test-method> <!-- beforeMethod -->
        <test-method signature="sortHotels()[pri:2, instance:tests.HotelsSearchPageTest@957e06]" started-at="2024-04-04T02:50:07 IST" name="sortHotels" finished-at="2024-04-04T02:50:08 IST" duration-ms="1065" status="PASS">
          <reporter-output>
          </reporter-output>
        </test-method> <!-- sortHotels -->
        <test-method is-config="true" signature="getResult(org.testng.ITestResult)[pri:0, instance:tests.HotelsSearchPageTest@957e06]" started-at="2024-04-04T02:50:08 IST" name="getResult" finished-at="2024-04-04T02:50:09 IST" duration-ms="820" status="PASS">
          <params>
            <param index="0">
              <value>
                <![CDATA[[TestResult name=sortHotels status=SUCCESS method=HotelsSearchPageTest.sortHotels()[pri:2, instance:tests.HotelsSearchPageTest@957e06] output={null}]]]>
              </value>
            </param>
          </params>
          <reporter-output>
          </reporter-output>
        </test-method> <!-- getResult -->
        <test-method is-config="true" signature="beforeMethod(org.testng.ITestResult)[pri:0, instance:tests.HotelsSearchPageTest@957e06]" started-at="2024-04-04T02:50:09 IST" name="beforeMethod" finished-at="2024-04-04T02:50:09 IST" duration-ms="5" status="PASS">
          <params>
            <param index="0">
              <value>
                <![CDATA[[TestResult name={null} status=CREATED method=HotelsSearchPageTest.selectPropertyType()[pri:3, instance:tests.HotelsSearchPageTest@957e06] output={null}]]]>
              </value>
            </param>
          </params>
          <reporter-output>
          </reporter-output>
        </test-method> <!-- beforeMethod -->
        <test-method signature="selectPropertyType()[pri:3, instance:tests.HotelsSearchPageTest@957e06]" started-at="2024-04-04T02:50:09 IST" name="selectPropertyType" finished-at="2024-04-04T02:50:20 IST" duration-ms="11509" status="PASS">
          <reporter-output>
          </reporter-output>
        </test-method> <!-- selectPropertyType -->
        <test-method is-config="true" signature="getResult(org.testng.ITestResult)[pri:0, instance:tests.HotelsSearchPageTest@957e06]" started-at="2024-04-04T02:50:20 IST" name="getResult" finished-at="2024-04-04T02:50:21 IST" duration-ms="317" status="PASS">
          <params>
            <param index="0">
              <value>
                <![CDATA[[TestResult name=selectPropertyType status=SUCCESS method=HotelsSearchPageTest.selectPropertyType()[pri:3, instance:tests.HotelsSearchPageTest@957e06] output={null}]]]>
              </value>
            </param>
          </params>
          <reporter-output>
          </reporter-output>
        </test-method> <!-- getResult -->
        <test-method is-config="true" signature="beforeMethod(org.testng.ITestResult)[pri:0, instance:tests.HotelsSearchPageTest@957e06]" started-at="2024-04-04T02:50:21 IST" name="beforeMethod" finished-at="2024-04-04T02:50:21 IST" duration-ms="1" status="PASS">
          <params>
            <param index="0">
              <value>
                <![CDATA[[TestResult name={null} status=CREATED method=HotelsSearchPageTest.selectAmenity()[pri:4, instance:tests.HotelsSearchPageTest@957e06] output={null}]]]>
              </value>
            </param>
          </params>
          <reporter-output>
          </reporter-output>
        </test-method> <!-- beforeMethod -->
        <test-method signature="selectAmenity()[pri:4, instance:tests.HotelsSearchPageTest@957e06]" started-at="2024-04-04T02:50:21 IST" name="selectAmenity" finished-at="2024-04-04T02:50:26 IST" duration-ms="5216" status="PASS">
          <reporter-output>
          </reporter-output>
        </test-method> <!-- selectAmenity -->
        <test-method is-config="true" signature="getResult(org.testng.ITestResult)[pri:0, instance:tests.HotelsSearchPageTest@957e06]" started-at="2024-04-04T02:50:26 IST" name="getResult" finished-at="2024-04-04T02:50:26 IST" duration-ms="261" status="PASS">
          <params>
            <param index="0">
              <value>
                <![CDATA[[TestResult name=selectAmenity status=SUCCESS method=HotelsSearchPageTest.selectAmenity()[pri:4, instance:tests.HotelsSearchPageTest@957e06] output={null}]]]>
              </value>
            </param>
          </params>
          <reporter-output>
          </reporter-output>
        </test-method> <!-- getResult -->
        <test-method is-config="true" signature="beforeMethod(org.testng.ITestResult)[pri:0, instance:tests.HotelsSearchPageTest@957e06]" started-at="2024-04-04T02:50:26 IST" name="beforeMethod" finished-at="2024-04-04T02:50:26 IST" duration-ms="1" status="PASS">
          <params>
            <param index="0">
              <value>
                <![CDATA[[TestResult name={null} status=CREATED method=HotelsSearchPageTest.getHotelsDetails()[pri:5, instance:tests.HotelsSearchPageTest@957e06] output={null}]]]>
              </value>
            </param>
          </params>
          <reporter-output>
          </reporter-output>
        </test-method> <!-- beforeMethod -->
        <test-method signature="getHotelsDetails()[pri:5, instance:tests.HotelsSearchPageTest@957e06]" started-at="2024-04-04T02:50:26 IST" name="getHotelsDetails" finished-at="2024-04-04T02:50:26 IST" duration-ms="311" status="PASS">
          <reporter-output>
          </reporter-output>
        </test-method> <!-- getHotelsDetails -->
        <test-method is-config="true" signature="getResult(org.testng.ITestResult)[pri:0, instance:tests.HotelsSearchPageTest@957e06]" started-at="2024-04-04T02:50:26 IST" name="getResult" finished-at="2024-04-04T02:50:27 IST" duration-ms="253" status="PASS">
          <params>
            <param index="0">
              <value>
                <![CDATA[[TestResult name=getHotelsDetails status=SUCCESS method=HotelsSearchPageTest.getHotelsDetails()[pri:5, instance:tests.HotelsSearchPageTest@957e06] output={null}]]]>
              </value>
            </param>
          </params>
          <reporter-output>
          </reporter-output>
        </test-method> <!-- getResult -->
        <test-method is-config="true" signature="beforeMethod(org.testng.ITestResult)[pri:0, instance:tests.HotelsSearchPageTest@957e06]" started-at="2024-04-04T02:50:27 IST" name="beforeMethod" finished-at="2024-04-04T02:50:27 IST" duration-ms="0" status="PASS">
          <params>
            <param index="0">
              <value>
                <![CDATA[[TestResult name={null} status=CREATED method=HotelsSearchPageTest.moveToHomePage()[pri:5, instance:tests.HotelsSearchPageTest@957e06] output={null}]]]>
              </value>
            </param>
          </params>
          <reporter-output>
          </reporter-output>
        </test-method> <!-- beforeMethod -->
        <test-method signature="moveToHomePage()[pri:5, instance:tests.HotelsSearchPageTest@957e06]" started-at="2024-04-04T02:50:27 IST" name="moveToHomePage" finished-at="2024-04-04T02:50:31 IST" duration-ms="4735" status="PASS">
          <reporter-output>
          </reporter-output>
        </test-method> <!-- moveToHomePage -->
        <test-method is-config="true" signature="getResult(org.testng.ITestResult)[pri:0, instance:tests.HotelsSearchPageTest@957e06]" started-at="2024-04-04T02:50:31 IST" name="getResult" finished-at="2024-04-04T02:50:32 IST" duration-ms="351" status="PASS">
          <params>
            <param index="0">
              <value>
                <![CDATA[[TestResult name=moveToHomePage status=SUCCESS method=HotelsSearchPageTest.moveToHomePage()[pri:5, instance:tests.HotelsSearchPageTest@957e06] output={null}]]]>
              </value>
            </param>
          </params>
          <reporter-output>
          </reporter-output>
        </test-method> <!-- getResult -->
      </class> <!-- tests.HotelsSearchPageTest -->
    </test> <!-- EdgeTest -->
  </suite> <!-- Suite -->
</testng-results>
