<?xml version="1.0" encoding="UTF-8"?>
<testng-results ignored="12" total="44" passed="32" failed="0" skipped="0">
  <reporter-output>
  </reporter-output>
  <suite started-at="2024-04-04T15:43:51 IST" name="Suite" finished-at="2024-04-04T15:49:50 IST" duration-ms="358158">
    <groups>
      <group name="smokeTest">
        <method signature="HomePageTest.testCheckInDate()[pri:3, instance:tests.HomePageTest@4229bb3f]" name="testCheckInDate" class="tests.HomePageTest"/>
        <method signature="HomePageTest.testCheckOutDate()[pri:4, instance:tests.HomePageTest@4229bb3f]" name="testCheckOutDate" class="tests.HomePageTest"/>
        <method signature="HomePageTest.testGuestsAndRooms()[pri:5, instance:tests.HomePageTest@4229bb3f]" name="testGuestsAndRooms" class="tests.HomePageTest"/>
        <method signature="HomePageTest.testHomePageTitle()[pri:1, instance:tests.HomePageTest@4229bb3f]" name="testHomePageTitle" class="tests.HomePageTest"/>
        <method signature="HomePageTest.testSearchButton()[pri:6, instance:tests.HomePageTest@4229bb3f]" name="testSearchButton" class="tests.HomePageTest"/>
        <method signature="HomePageTest.testSelectedDestination()[pri:2, instance:tests.HomePageTest@4229bb3f]" name="testSelectedDestination" class="tests.HomePageTest"/>
        <method signature="HotelsSearchPageTest.getHotelsDetails()[pri:5, instance:tests.HotelsSearchPageTest@20ccf40b]" name="getHotelsDetails" class="tests.HotelsSearchPageTest"/>
        <method signature="HotelsSearchPageTest.selectAmenity()[pri:4, instance:tests.HotelsSearchPageTest@20ccf40b]" name="selectAmenity" class="tests.HotelsSearchPageTest"/>
        <method signature="HotelsSearchPageTest.selectPropertyType()[pri:3, instance:tests.HotelsSearchPageTest@20ccf40b]" name="selectPropertyType" class="tests.HotelsSearchPageTest"/>
        <method signature="HotelsSearchPageTest.sortHotels()[pri:2, instance:tests.HotelsSearchPageTest@20ccf40b]" name="sortHotels" class="tests.HotelsSearchPageTest"/>
        <method signature="HotelsSearchPageTest.testHotelSearchPageTitle()[pri:1, instance:tests.HotelsSearchPageTest@20ccf40b]" name="testHotelSearchPageTitle" class="tests.HotelsSearchPageTest"/>
        <method signature="HomePageTest.testCheckInDate()[pri:3, instance:tests.HomePageTest@31fa1761]" name="testCheckInDate" class="tests.HomePageTest"/>
        <method signature="HomePageTest.testCheckOutDate()[pri:4, instance:tests.HomePageTest@31fa1761]" name="testCheckOutDate" class="tests.HomePageTest"/>
        <method signature="HomePageTest.testGuestsAndRooms()[pri:5, instance:tests.HomePageTest@31fa1761]" name="testGuestsAndRooms" class="tests.HomePageTest"/>
        <method signature="HomePageTest.testHomePageTitle()[pri:1, instance:tests.HomePageTest@31fa1761]" name="testHomePageTitle" class="tests.HomePageTest"/>
        <method signature="HomePageTest.testSearchButton()[pri:6, instance:tests.HomePageTest@31fa1761]" name="testSearchButton" class="tests.HomePageTest"/>
        <method signature="HomePageTest.testSelectedDestination()[pri:2, instance:tests.HomePageTest@31fa1761]" name="testSelectedDestination" class="tests.HomePageTest"/>
        <method signature="HotelsSearchPageTest.getHotelsDetails()[pri:5, instance:tests.HotelsSearchPageTest@957e06]" name="getHotelsDetails" class="tests.HotelsSearchPageTest"/>
        <method signature="HotelsSearchPageTest.selectAmenity()[pri:4, instance:tests.HotelsSearchPageTest@957e06]" name="selectAmenity" class="tests.HotelsSearchPageTest"/>
        <method signature="HotelsSearchPageTest.selectPropertyType()[pri:3, instance:tests.HotelsSearchPageTest@957e06]" name="selectPropertyType" class="tests.HotelsSearchPageTest"/>
        <method signature="HotelsSearchPageTest.sortHotels()[pri:2, instance:tests.HotelsSearchPageTest@957e06]" name="sortHotels" class="tests.HotelsSearchPageTest"/>
        <method signature="HotelsSearchPageTest.testHotelSearchPageTitle()[pri:1, instance:tests.HotelsSearchPageTest@957e06]" name="testHotelSearchPageTitle" class="tests.HotelsSearchPageTest"/>
      </group> <!-- smokeTest -->
    </groups>
    <test started-at="2024-04-04T15:43:51 IST" name="ChromeTest" finished-at="2024-04-04T15:46:56 IST" duration-ms="184735">
      <class name="tests.HomePageTest">
        <test-method is-config="true" signature="loading()[pri:0, instance:tests.HomePageTest@4229bb3f]" started-at="2024-04-04T15:44:31 IST" name="loading" finished-at="2024-04-04T15:44:31 IST" duration-ms="125" status="PASS">
          <reporter-output>
          </reporter-output>
        </test-method> <!-- loading -->
        <test-method is-config="true" signature="beforeMethod(org.testng.ITestResult)[pri:0, instance:tests.HomePageTest@4229bb3f]" started-at="2024-04-04T15:44:31 IST" name="beforeMethod" finished-at="2024-04-04T15:44:31 IST" duration-ms="2" status="PASS">
          <params>
            <param index="0">
              <value>
                <![CDATA[[TestResult name={null} status=CREATED method=HomePageTest.testHomePageTitle()[pri:1, instance:tests.HomePageTest@4229bb3f] output={null}]]]>
              </value>
            </param>
          </params>
          <reporter-output>
          </reporter-output>
        </test-method> <!-- beforeMethod -->
        <test-method signature="testHomePageTitle()[pri:1, instance:tests.HomePageTest@4229bb3f]" started-at="2024-04-04T15:44:31 IST" name="testHomePageTitle" finished-at="2024-04-04T15:44:31 IST" duration-ms="25" status="PASS">
          <reporter-output>
          </reporter-output>
        </test-method> <!-- testHomePageTitle -->
        <test-method is-config="true" signature="getResult(org.testng.ITestResult)[pri:0, instance:tests.HomePageTest@4229bb3f]" started-at="2024-04-04T15:44:31 IST" name="getResult" finished-at="2024-04-04T15:44:31 IST" duration-ms="367" status="PASS">
          <params>
            <param index="0">
              <value>
                <![CDATA[[TestResult name=testHomePageTitle status=SUCCESS method=HomePageTest.testHomePageTitle()[pri:1, instance:tests.HomePageTest@4229bb3f] output={null}]]]>
              </value>
            </param>
          </params>
          <reporter-output>
          </reporter-output>
        </test-method> <!-- getResult -->
        <test-method is-config="true" signature="beforeMethod(org.testng.ITestResult)[pri:0, instance:tests.HomePageTest@4229bb3f]" started-at="2024-04-04T15:44:31 IST" name="beforeMethod" finished-at="2024-04-04T15:44:31 IST" duration-ms="1" status="PASS">
          <params>
            <param index="0">
              <value>
                <![CDATA[[TestResult name={null} status=CREATED method=HomePageTest.testSelectedDestination()[pri:2, instance:tests.HomePageTest@4229bb3f] output={null}]]]>
              </value>
            </param>
          </params>
          <reporter-output>
          </reporter-output>
        </test-method> <!-- beforeMethod -->
        <test-method signature="testSelectedDestination()[pri:2, instance:tests.HomePageTest@4229bb3f]" started-at="2024-04-04T15:44:31 IST" name="testSelectedDestination" finished-at="2024-04-04T15:44:33 IST" duration-ms="2326" status="PASS">
          <reporter-output>
          </reporter-output>
        </test-method> <!-- testSelectedDestination -->
        <test-method is-config="true" signature="getResult(org.testng.ITestResult)[pri:0, instance:tests.HomePageTest@4229bb3f]" started-at="2024-04-04T15:44:33 IST" name="getResult" finished-at="2024-04-04T15:44:34 IST" duration-ms="217" status="PASS">
          <params>
            <param index="0">
              <value>
                <![CDATA[[TestResult name=testSelectedDestination status=SUCCESS method=HomePageTest.testSelectedDestination()[pri:2, instance:tests.HomePageTest@4229bb3f] output={null}]]]>
              </value>
            </param>
          </params>
          <reporter-output>
          </reporter-output>
        </test-method> <!-- getResult -->
        <test-method is-config="true" signature="beforeMethod(org.testng.ITestResult)[pri:0, instance:tests.HomePageTest@4229bb3f]" started-at="2024-04-04T15:44:34 IST" name="beforeMethod" finished-at="2024-04-04T15:44:34 IST" duration-ms="0" status="PASS">
          <params>
            <param index="0">
              <value>
                <![CDATA[[TestResult name={null} status=CREATED method=HomePageTest.testCheckInDate()[pri:3, instance:tests.HomePageTest@4229bb3f] output={null}]]]>
              </value>
            </param>
          </params>
          <reporter-output>
          </reporter-output>
        </test-method> <!-- beforeMethod -->
        <test-method signature="testCheckInDate()[pri:3, instance:tests.HomePageTest@4229bb3f]" started-at="2024-04-04T15:44:34 IST" name="testCheckInDate" finished-at="2024-04-04T15:44:34 IST" duration-ms="228" status="PASS">
          <reporter-output>
          </reporter-output>
        </test-method> <!-- testCheckInDate -->
        <test-method is-config="true" signature="getResult(org.testng.ITestResult)[pri:0, instance:tests.HomePageTest@4229bb3f]" started-at="2024-04-04T15:44:34 IST" name="getResult" finished-at="2024-04-04T15:44:34 IST" duration-ms="196" status="PASS">
          <params>
            <param index="0">
              <value>
                <![CDATA[[TestResult name=testCheckInDate status=SUCCESS method=HomePageTest.testCheckInDate()[pri:3, instance:tests.HomePageTest@4229bb3f] output={null}]]]>
              </value>
            </param>
          </params>
          <reporter-output>
          </reporter-output>
        </test-method> <!-- getResult -->
        <test-method is-config="true" signature="beforeMethod(org.testng.ITestResult)[pri:0, instance:tests.HomePageTest@4229bb3f]" started-at="2024-04-04T15:44:34 IST" name="beforeMethod" finished-at="2024-04-04T15:44:34 IST" duration-ms="0" status="PASS">
          <params>
            <param index="0">
              <value>
                <![CDATA[[TestResult name={null} status=CREATED method=HomePageTest.testCheckOutDate()[pri:4, instance:tests.HomePageTest@4229bb3f] output={null}]]]>
              </value>
            </param>
          </params>
          <reporter-output>
          </reporter-output>
        </test-method> <!-- beforeMethod -->
        <test-method signature="testCheckOutDate()[pri:4, instance:tests.HomePageTest@4229bb3f]" started-at="2024-04-04T15:44:34 IST" name="testCheckOutDate" finished-at="2024-04-04T15:44:34 IST" duration-ms="278" status="PASS">
          <reporter-output>
          </reporter-output>
        </test-method> <!-- testCheckOutDate -->
        <test-method is-config="true" signature="getResult(org.testng.ITestResult)[pri:0, instance:tests.HomePageTest@4229bb3f]" started-at="2024-04-04T15:44:34 IST" name="getResult" finished-at="2024-04-04T15:44:35 IST" duration-ms="224" status="PASS">
          <params>
            <param index="0">
              <value>
                <![CDATA[[TestResult name=testCheckOutDate status=SUCCESS method=HomePageTest.testCheckOutDate()[pri:4, instance:tests.HomePageTest@4229bb3f] output={null}]]]>
              </value>
            </param>
          </params>
          <reporter-output>
          </reporter-output>
        </test-method> <!-- getResult -->
        <test-method signature="testGuestsAndRooms()[pri:5, instance:tests.HomePageTest@4229bb3f]" started-at="2024-04-04T15:44:35 IST" name="testGuestsAndRooms" finished-at="2024-04-04T15:44:35 IST" duration-ms="344" status="PASS">
          <reporter-output>
          </reporter-output>
        </test-method> <!-- testGuestsAndRooms -->
        <test-method is-config="true" signature="beforeMethod(org.testng.ITestResult)[pri:0, instance:tests.HomePageTest@4229bb3f]" started-at="2024-04-04T15:44:35 IST" name="beforeMethod" finished-at="2024-04-04T15:44:35 IST" duration-ms="0" status="PASS">
          <params>
            <param index="0">
              <value>
                <![CDATA[[TestResult name={null} status=CREATED method=HomePageTest.testGuestsAndRooms()[pri:5, instance:tests.HomePageTest@4229bb3f] output={null}]]]>
              </value>
            </param>
          </params>
          <reporter-output>
          </reporter-output>
        </test-method> <!-- beforeMethod -->
        <test-method is-config="true" signature="getResult(org.testng.ITestResult)[pri:0, instance:tests.HomePageTest@4229bb3f]" started-at="2024-04-04T15:44:35 IST" name="getResult" finished-at="2024-04-04T15:44:35 IST" duration-ms="232" status="PASS">
          <params>
            <param index="0">
              <value>
                <![CDATA[[TestResult name=testGuestsAndRooms status=SUCCESS method=HomePageTest.testGuestsAndRooms()[pri:5, instance:tests.HomePageTest@4229bb3f] output={null}]]]>
              </value>
            </param>
          </params>
          <reporter-output>
          </reporter-output>
        </test-method> <!-- getResult -->
        <test-method is-config="true" signature="beforeMethod(org.testng.ITestResult)[pri:0, instance:tests.HomePageTest@4229bb3f]" started-at="2024-04-04T15:44:35 IST" name="beforeMethod" finished-at="2024-04-04T15:44:35 IST" duration-ms="0" status="PASS">
          <params>
            <param index="0">
              <value>
                <![CDATA[[TestResult name={null} status=CREATED method=HomePageTest.testSearchButton()[pri:6, instance:tests.HomePageTest@4229bb3f] output={null}]]]>
              </value>
            </param>
          </params>
          <reporter-output>
          </reporter-output>
        </test-method> <!-- beforeMethod -->
        <test-method signature="testSearchButton()[pri:6, instance:tests.HomePageTest@4229bb3f]" started-at="2024-04-04T15:44:35 IST" name="testSearchButton" finished-at="2024-04-04T15:44:35 IST" duration-ms="159" status="PASS">
          <reporter-output>
          </reporter-output>
        </test-method> <!-- testSearchButton -->
        <test-method is-config="true" signature="getResult(org.testng.ITestResult)[pri:0, instance:tests.HomePageTest@4229bb3f]" started-at="2024-04-04T15:44:35 IST" name="getResult" finished-at="2024-04-04T15:45:14 IST" duration-ms="38393" status="PASS">
          <params>
            <param index="0">
              <value>
                <![CDATA[[TestResult name=testSearchButton status=SUCCESS method=HomePageTest.testSearchButton()[pri:6, instance:tests.HomePageTest@4229bb3f] output={null}]]]>
              </value>
            </param>
          </params>
          <reporter-output>
          </reporter-output>
        </test-method> <!-- getResult -->
      </class> <!-- tests.HomePageTest -->
      <class name="tests.BaseTest">
        <test-method is-config="true" signature="setUp(java.lang.String)[pri:0, instance:tests.BaseTest@4efc180e]" started-at="2024-04-04T15:43:51 IST" name="setUp" finished-at="2024-04-04T15:44:31 IST" duration-ms="39123" status="PASS">
          <params>
            <param index="0">
              <value>
                <![CDATA[chrome]]>
              </value>
            </param>
          </params>
          <reporter-output>
          </reporter-output>
        </test-method> <!-- setUp -->
        <test-method is-config="true" signature="tearDown()[pri:0, instance:tests.BaseTest@4efc180e]" started-at="2024-04-04T15:46:51 IST" name="tearDown" finished-at="2024-04-04T15:46:56 IST" duration-ms="4881" status="PASS">
          <reporter-output>
          </reporter-output>
        </test-method> <!-- tearDown -->
      </class> <!-- tests.BaseTest -->
      <class name="tests.CruisesSearchPageTest">
        <test-method is-config="true" signature="loading()[pri:0, instance:tests.CruisesSearchPageTest@2fb3536e]" started-at="2024-04-04T15:45:55 IST" name="loading" finished-at="2024-04-04T15:45:55 IST" duration-ms="3" status="PASS">
          <reporter-output>
          </reporter-output>
        </test-method> <!-- loading -->
        <test-method is-config="true" signature="beforeMethod(org.testng.ITestResult)[pri:0, instance:tests.CruisesSearchPageTest@2fb3536e]" started-at="2024-04-04T15:45:55 IST" name="beforeMethod" finished-at="2024-04-04T15:45:55 IST" duration-ms="1" status="PASS">
          <params>
            <param index="0">
              <value>
                <![CDATA[[TestResult name={null} status=CREATED method=CruisesSearchPageTest.moveToCruisePage()[pri:1, instance:tests.CruisesSearchPageTest@2fb3536e] output={null}]]]>
              </value>
            </param>
          </params>
          <reporter-output>
          </reporter-output>
        </test-method> <!-- beforeMethod -->
        <test-method signature="moveToCruisePage()[pri:1, instance:tests.CruisesSearchPageTest@2fb3536e]" started-at="2024-04-04T15:45:55 IST" name="moveToCruisePage" finished-at="2024-04-04T15:46:41 IST" duration-ms="45854" status="PASS">
          <reporter-output>
          </reporter-output>
        </test-method> <!-- moveToCruisePage -->
        <test-method is-config="true" signature="getResult(org.testng.ITestResult)[pri:0, instance:tests.CruisesSearchPageTest@2fb3536e]" started-at="2024-04-04T15:46:41 IST" name="getResult" finished-at="2024-04-04T15:46:41 IST" duration-ms="350" status="PASS">
          <params>
            <param index="0">
              <value>
                <![CDATA[[TestResult name=moveToCruisePage status=SUCCESS method=CruisesSearchPageTest.moveToCruisePage()[pri:1, instance:tests.CruisesSearchPageTest@2fb3536e] output={null}]]]>
              </value>
            </param>
          </params>
          <reporter-output>
          </reporter-output>
        </test-method> <!-- getResult -->
        <test-method signature="testCruiseSelection()[pri:2, instance:tests.CruisesSearchPageTest@2fb3536e]" started-at="2024-04-04T15:46:41 IST" name="testCruiseSelection" finished-at="2024-04-04T15:46:47 IST" duration-ms="5501" status="PASS">
          <reporter-output>
          </reporter-output>
        </test-method> <!-- testCruiseSelection -->
        <test-method is-config="true" signature="beforeMethod(org.testng.ITestResult)[pri:0, instance:tests.CruisesSearchPageTest@2fb3536e]" started-at="2024-04-04T15:46:41 IST" name="beforeMethod" finished-at="2024-04-04T15:46:41 IST" duration-ms="0" status="PASS">
          <params>
            <param index="0">
              <value>
                <![CDATA[[TestResult name={null} status=CREATED method=CruisesSearchPageTest.testCruiseSelection()[pri:2, instance:tests.CruisesSearchPageTest@2fb3536e] output={null}]]]>
              </value>
            </param>
          </params>
          <reporter-output>
          </reporter-output>
        </test-method> <!-- beforeMethod -->
        <test-method is-config="true" signature="getResult(org.testng.ITestResult)[pri:0, instance:tests.CruisesSearchPageTest@2fb3536e]" started-at="2024-04-04T15:46:47 IST" name="getResult" finished-at="2024-04-04T15:46:47 IST" duration-ms="212" status="PASS">
          <params>
            <param index="0">
              <value>
                <![CDATA[[TestResult name=testCruiseSelection status=SUCCESS method=CruisesSearchPageTest.testCruiseSelection()[pri:2, instance:tests.CruisesSearchPageTest@2fb3536e] output={null}]]]>
              </value>
            </param>
          </params>
          <reporter-output>
          </reporter-output>
        </test-method> <!-- getResult -->
        <test-method is-config="true" signature="beforeMethod(org.testng.ITestResult)[pri:0, instance:tests.CruisesSearchPageTest@2fb3536e]" started-at="2024-04-04T15:46:47 IST" name="beforeMethod" finished-at="2024-04-04T15:46:47 IST" duration-ms="1" status="PASS">
          <params>
            <param index="0">
              <value>
                <![CDATA[[TestResult name={null} status=CREATED method=CruisesSearchPageTest.findShipDetails()[pri:3, instance:tests.CruisesSearchPageTest@2fb3536e] output={null}]]]>
              </value>
            </param>
          </params>
          <reporter-output>
          </reporter-output>
        </test-method> <!-- beforeMethod -->
        <test-method signature="findShipDetails()[pri:3, instance:tests.CruisesSearchPageTest@2fb3536e]" started-at="2024-04-04T15:46:47 IST" name="findShipDetails" finished-at="2024-04-04T15:46:51 IST" duration-ms="3493" status="PASS">
          <reporter-output>
          </reporter-output>
        </test-method> <!-- findShipDetails -->
        <test-method is-config="true" signature="getResult(org.testng.ITestResult)[pri:0, instance:tests.CruisesSearchPageTest@2fb3536e]" started-at="2024-04-04T15:46:51 IST" name="getResult" finished-at="2024-04-04T15:46:51 IST" duration-ms="265" status="PASS">
          <params>
            <param index="0">
              <value>
                <![CDATA[[TestResult name=findShipDetails status=SUCCESS method=CruisesSearchPageTest.findShipDetails()[pri:3, instance:tests.CruisesSearchPageTest@2fb3536e] output={null}]]]>
              </value>
            </param>
          </params>
          <reporter-output>
          </reporter-output>
        </test-method> <!-- getResult -->
        <test-method is-config="true" signature="beforeMethod(org.testng.ITestResult)[pri:0, instance:tests.CruisesSearchPageTest@2fb3536e]" started-at="2024-04-04T15:46:51 IST" name="beforeMethod" finished-at="2024-04-04T15:46:51 IST" duration-ms="1" status="PASS">
          <params>
            <param index="0">
              <value>
                <![CDATA[[TestResult name={null} status=CREATED method=CruisesSearchPageTest.getShipDetails()[pri:4, instance:tests.CruisesSearchPageTest@2fb3536e] output={null}]]]>
              </value>
            </param>
          </params>
          <reporter-output>
          </reporter-output>
        </test-method> <!-- beforeMethod -->
        <test-method signature="getShipDetails()[pri:4, instance:tests.CruisesSearchPageTest@2fb3536e]" started-at="2024-04-04T15:46:51 IST" name="getShipDetails" finished-at="2024-04-04T15:46:51 IST" duration-ms="193" status="PASS">
          <reporter-output>
          </reporter-output>
        </test-method> <!-- getShipDetails -->
        <test-method is-config="true" signature="getResult(org.testng.ITestResult)[pri:0, instance:tests.CruisesSearchPageTest@2fb3536e]" started-at="2024-04-04T15:46:51 IST" name="getResult" finished-at="2024-04-04T15:46:51 IST" duration-ms="147" status="PASS">
          <params>
            <param index="0">
              <value>
                <![CDATA[[TestResult name=getShipDetails status=SUCCESS method=CruisesSearchPageTest.getShipDetails()[pri:4, instance:tests.CruisesSearchPageTest@2fb3536e] output={null}]]]>
              </value>
            </param>
          </params>
          <reporter-output>
          </reporter-output>
        </test-method> <!-- getResult -->
      </class> <!-- tests.CruisesSearchPageTest -->
      <class name="tests.HotelsSearchPageTest">
        <test-method is-config="true" signature="loading()[pri:0, instance:tests.HotelsSearchPageTest@20ccf40b]" started-at="2024-04-04T15:45:14 IST" name="loading" finished-at="2024-04-04T15:45:14 IST" duration-ms="24" status="PASS">
          <reporter-output>
          </reporter-output>
        </test-method> <!-- loading -->
        <test-method is-config="true" signature="beforeMethod(org.testng.ITestResult)[pri:0, instance:tests.HotelsSearchPageTest@20ccf40b]" started-at="2024-04-04T15:45:14 IST" name="beforeMethod" finished-at="2024-04-04T15:45:14 IST" duration-ms="0" status="PASS">
          <params>
            <param index="0">
              <value>
                <![CDATA[[TestResult name={null} status=CREATED method=HotelsSearchPageTest.testHotelSearchPageTitle()[pri:1, instance:tests.HotelsSearchPageTest@20ccf40b] output={null}]]]>
              </value>
            </param>
          </params>
          <reporter-output>
          </reporter-output>
        </test-method> <!-- beforeMethod -->
        <test-method signature="testHotelSearchPageTitle()[pri:1, instance:tests.HotelsSearchPageTest@20ccf40b]" started-at="2024-04-04T15:45:14 IST" name="testHotelSearchPageTitle" finished-at="2024-04-04T15:45:14 IST" duration-ms="12" status="PASS">
          <reporter-output>
          </reporter-output>
        </test-method> <!-- testHotelSearchPageTitle -->
        <test-method is-config="true" signature="getResult(org.testng.ITestResult)[pri:0, instance:tests.HotelsSearchPageTest@20ccf40b]" started-at="2024-04-04T15:45:14 IST" name="getResult" finished-at="2024-04-04T15:45:14 IST" duration-ms="174" status="PASS">
          <params>
            <param index="0">
              <value>
                <![CDATA[[TestResult name=testHotelSearchPageTitle status=SUCCESS method=HotelsSearchPageTest.testHotelSearchPageTitle()[pri:1, instance:tests.HotelsSearchPageTest@20ccf40b] output={null}]]]>
              </value>
            </param>
          </params>
          <reporter-output>
          </reporter-output>
        </test-method> <!-- getResult -->
        <test-method is-config="true" signature="beforeMethod(org.testng.ITestResult)[pri:0, instance:tests.HotelsSearchPageTest@20ccf40b]" started-at="2024-04-04T15:45:14 IST" name="beforeMethod" finished-at="2024-04-04T15:45:14 IST" duration-ms="0" status="PASS">
          <params>
            <param index="0">
              <value>
                <![CDATA[[TestResult name={null} status=CREATED method=HotelsSearchPageTest.sortHotels()[pri:2, instance:tests.HotelsSearchPageTest@20ccf40b] output={null}]]]>
              </value>
            </param>
          </params>
          <reporter-output>
          </reporter-output>
        </test-method> <!-- beforeMethod -->
        <test-method signature="sortHotels()[pri:2, instance:tests.HotelsSearchPageTest@20ccf40b]" started-at="2024-04-04T15:45:14 IST" name="sortHotels" finished-at="2024-04-04T15:45:14 IST" duration-ms="503" status="PASS">
          <reporter-output>
          </reporter-output>
        </test-method> <!-- sortHotels -->
        <test-method is-config="true" signature="getResult(org.testng.ITestResult)[pri:0, instance:tests.HotelsSearchPageTest@20ccf40b]" started-at="2024-04-04T15:45:14 IST" name="getResult" finished-at="2024-04-04T15:45:15 IST" duration-ms="172" status="PASS">
          <params>
            <param index="0">
              <value>
                <![CDATA[[TestResult name=sortHotels status=SUCCESS method=HotelsSearchPageTest.sortHotels()[pri:2, instance:tests.HotelsSearchPageTest@20ccf40b] output={null}]]]>
              </value>
            </param>
          </params>
          <reporter-output>
          </reporter-output>
        </test-method> <!-- getResult -->
        <test-method is-config="true" signature="beforeMethod(org.testng.ITestResult)[pri:0, instance:tests.HotelsSearchPageTest@20ccf40b]" started-at="2024-04-04T15:45:15 IST" name="beforeMethod" finished-at="2024-04-04T15:45:15 IST" duration-ms="0" status="PASS">
          <params>
            <param index="0">
              <value>
                <![CDATA[[TestResult name={null} status=CREATED method=HotelsSearchPageTest.selectPropertyType()[pri:3, instance:tests.HotelsSearchPageTest@20ccf40b] output={null}]]]>
              </value>
            </param>
          </params>
          <reporter-output>
          </reporter-output>
        </test-method> <!-- beforeMethod -->
        <test-method signature="selectPropertyType()[pri:3, instance:tests.HotelsSearchPageTest@20ccf40b]" started-at="2024-04-04T15:45:15 IST" name="selectPropertyType" finished-at="2024-04-04T15:45:16 IST" duration-ms="928" status="PASS">
          <reporter-output>
          </reporter-output>
        </test-method> <!-- selectPropertyType -->
        <test-method is-config="true" signature="getResult(org.testng.ITestResult)[pri:0, instance:tests.HotelsSearchPageTest@20ccf40b]" started-at="2024-04-04T15:45:16 IST" name="getResult" finished-at="2024-04-04T15:45:16 IST" duration-ms="181" status="PASS">
          <params>
            <param index="0">
              <value>
                <![CDATA[[TestResult name=selectPropertyType status=SUCCESS method=HotelsSearchPageTest.selectPropertyType()[pri:3, instance:tests.HotelsSearchPageTest@20ccf40b] output={null}]]]>
              </value>
            </param>
          </params>
          <reporter-output>
          </reporter-output>
        </test-method> <!-- getResult -->
        <test-method is-config="true" signature="beforeMethod(org.testng.ITestResult)[pri:0, instance:tests.HotelsSearchPageTest@20ccf40b]" started-at="2024-04-04T15:45:16 IST" name="beforeMethod" finished-at="2024-04-04T15:45:16 IST" duration-ms="0" status="PASS">
          <params>
            <param index="0">
              <value>
                <![CDATA[[TestResult name={null} status=CREATED method=HotelsSearchPageTest.selectAmenity()[pri:4, instance:tests.HotelsSearchPageTest@20ccf40b] output={null}]]]>
              </value>
            </param>
          </params>
          <reporter-output>
          </reporter-output>
        </test-method> <!-- beforeMethod -->
        <test-method signature="selectAmenity()[pri:4, instance:tests.HotelsSearchPageTest@20ccf40b]" started-at="2024-04-04T15:45:16 IST" name="selectAmenity" finished-at="2024-04-04T15:45:19 IST" duration-ms="3391" status="PASS">
          <reporter-output>
          </reporter-output>
        </test-method> <!-- selectAmenity -->
        <test-method is-config="true" signature="getResult(org.testng.ITestResult)[pri:0, instance:tests.HotelsSearchPageTest@20ccf40b]" started-at="2024-04-04T15:45:19 IST" name="getResult" finished-at="2024-04-04T15:45:19 IST" duration-ms="137" status="PASS">
          <params>
            <param index="0">
              <value>
                <![CDATA[[TestResult name=selectAmenity status=SUCCESS method=HotelsSearchPageTest.selectAmenity()[pri:4, instance:tests.HotelsSearchPageTest@20ccf40b] output={null}]]]>
              </value>
            </param>
          </params>
          <reporter-output>
          </reporter-output>
        </test-method> <!-- getResult -->
        <test-method signature="getHotelsDetails()[pri:5, instance:tests.HotelsSearchPageTest@20ccf40b]" started-at="2024-04-04T15:45:19 IST" name="getHotelsDetails" finished-at="2024-04-04T15:45:21 IST" duration-ms="2085" status="PASS">
          <reporter-output>
          </reporter-output>
        </test-method> <!-- getHotelsDetails -->
        <test-method is-config="true" signature="beforeMethod(org.testng.ITestResult)[pri:0, instance:tests.HotelsSearchPageTest@20ccf40b]" started-at="2024-04-04T15:45:19 IST" name="beforeMethod" finished-at="2024-04-04T15:45:19 IST" duration-ms="0" status="PASS">
          <params>
            <param index="0">
              <value>
                <![CDATA[[TestResult name={null} status=CREATED method=HotelsSearchPageTest.getHotelsDetails()[pri:5, instance:tests.HotelsSearchPageTest@20ccf40b] output={null}]]]>
              </value>
            </param>
          </params>
          <reporter-output>
          </reporter-output>
        </test-method> <!-- beforeMethod -->
        <test-method is-config="true" signature="getResult(org.testng.ITestResult)[pri:0, instance:tests.HotelsSearchPageTest@20ccf40b]" started-at="2024-04-04T15:45:21 IST" name="getResult" finished-at="2024-04-04T15:45:22 IST" duration-ms="198" status="PASS">
          <params>
            <param index="0">
              <value>
                <![CDATA[[TestResult name=getHotelsDetails status=SUCCESS method=HotelsSearchPageTest.getHotelsDetails()[pri:5, instance:tests.HotelsSearchPageTest@20ccf40b] output={null}]]]>
              </value>
            </param>
          </params>
          <reporter-output>
          </reporter-output>
        </test-method> <!-- getResult -->
        <test-method is-config="true" signature="beforeMethod(org.testng.ITestResult)[pri:0, instance:tests.HotelsSearchPageTest@20ccf40b]" started-at="2024-04-04T15:45:22 IST" name="beforeMethod" finished-at="2024-04-04T15:45:22 IST" duration-ms="0" status="PASS">
          <params>
            <param index="0">
              <value>
                <![CDATA[[TestResult name={null} status=CREATED method=HotelsSearchPageTest.moveToHomePage()[pri:5, instance:tests.HotelsSearchPageTest@20ccf40b] output={null}]]]>
              </value>
            </param>
          </params>
          <reporter-output>
          </reporter-output>
        </test-method> <!-- beforeMethod -->
        <test-method signature="moveToHomePage()[pri:5, instance:tests.HotelsSearchPageTest@20ccf40b]" started-at="2024-04-04T15:45:22 IST" name="moveToHomePage" finished-at="2024-04-04T15:45:55 IST" duration-ms="33453" status="PASS">
          <reporter-output>
          </reporter-output>
        </test-method> <!-- moveToHomePage -->
        <test-method is-config="true" signature="getResult(org.testng.ITestResult)[pri:0, instance:tests.HotelsSearchPageTest@20ccf40b]" started-at="2024-04-04T15:45:55 IST" name="getResult" finished-at="2024-04-04T15:45:55 IST" duration-ms="230" status="PASS">
          <params>
            <param index="0">
              <value>
                <![CDATA[[TestResult name=moveToHomePage status=SUCCESS method=HotelsSearchPageTest.moveToHomePage()[pri:5, instance:tests.HotelsSearchPageTest@20ccf40b] output={null}]]]>
              </value>
            </param>
          </params>
          <reporter-output>
          </reporter-output>
        </test-method> <!-- getResult -->
      </class> <!-- tests.HotelsSearchPageTest -->
    </test> <!-- ChromeTest -->
    <test started-at="2024-04-04T15:46:56 IST" name="EdgeTest" finished-at="2024-04-04T15:49:50 IST" duration-ms="173385">
      <class name="tests.HomePageTest">
        <test-method is-config="true" signature="loading()[pri:0, instance:tests.HomePageTest@31fa1761]" started-at="2024-04-04T15:47:36 IST" name="loading" finished-at="2024-04-04T15:47:36 IST" duration-ms="1" status="PASS">
          <reporter-output>
          </reporter-output>
        </test-method> <!-- loading -->
        <test-method signature="testHomePageTitle()[pri:1, instance:tests.HomePageTest@31fa1761]" started-at="2024-04-04T15:47:36 IST" name="testHomePageTitle" finished-at="2024-04-04T15:47:36 IST" duration-ms="20" status="PASS">
          <reporter-output>
          </reporter-output>
        </test-method> <!-- testHomePageTitle -->
        <test-method is-config="true" signature="beforeMethod(org.testng.ITestResult)[pri:0, instance:tests.HomePageTest@31fa1761]" started-at="2024-04-04T15:47:36 IST" name="beforeMethod" finished-at="2024-04-04T15:47:36 IST" duration-ms="0" status="PASS">
          <params>
            <param index="0">
              <value>
                <![CDATA[[TestResult name={null} status=CREATED method=HomePageTest.testHomePageTitle()[pri:1, instance:tests.HomePageTest@31fa1761] output={null}]]]>
              </value>
            </param>
          </params>
          <reporter-output>
          </reporter-output>
        </test-method> <!-- beforeMethod -->
        <test-method is-config="true" signature="getResult(org.testng.ITestResult)[pri:0, instance:tests.HomePageTest@31fa1761]" started-at="2024-04-04T15:47:36 IST" name="getResult" finished-at="2024-04-04T15:47:36 IST" duration-ms="222" status="PASS">
          <params>
            <param index="0">
              <value>
                <![CDATA[[TestResult name=testHomePageTitle status=SUCCESS method=HomePageTest.testHomePageTitle()[pri:1, instance:tests.HomePageTest@31fa1761] output={null}]]]>
              </value>
            </param>
          </params>
          <reporter-output>
          </reporter-output>
        </test-method> <!-- getResult -->
        <test-method is-config="true" signature="beforeMethod(org.testng.ITestResult)[pri:0, instance:tests.HomePageTest@31fa1761]" started-at="2024-04-04T15:47:36 IST" name="beforeMethod" finished-at="2024-04-04T15:47:36 IST" duration-ms="1" status="PASS">
          <params>
            <param index="0">
              <value>
                <![CDATA[[TestResult name={null} status=CREATED method=HomePageTest.testSelectedDestination()[pri:2, instance:tests.HomePageTest@31fa1761] output={null}]]]>
              </value>
            </param>
          </params>
          <reporter-output>
          </reporter-output>
        </test-method> <!-- beforeMethod -->
        <test-method signature="testSelectedDestination()[pri:2, instance:tests.HomePageTest@31fa1761]" started-at="2024-04-04T15:47:36 IST" name="testSelectedDestination" finished-at="2024-04-04T15:47:39 IST" duration-ms="2742" status="PASS">
          <reporter-output>
          </reporter-output>
        </test-method> <!-- testSelectedDestination -->
        <test-method is-config="true" signature="getResult(org.testng.ITestResult)[pri:0, instance:tests.HomePageTest@31fa1761]" started-at="2024-04-04T15:47:39 IST" name="getResult" finished-at="2024-04-04T15:47:40 IST" duration-ms="458" status="PASS">
          <params>
            <param index="0">
              <value>
                <![CDATA[[TestResult name=testSelectedDestination status=SUCCESS method=HomePageTest.testSelectedDestination()[pri:2, instance:tests.HomePageTest@31fa1761] output={null}]]]>
              </value>
            </param>
          </params>
          <reporter-output>
          </reporter-output>
        </test-method> <!-- getResult -->
        <test-method is-config="true" signature="beforeMethod(org.testng.ITestResult)[pri:0, instance:tests.HomePageTest@31fa1761]" started-at="2024-04-04T15:47:40 IST" name="beforeMethod" finished-at="2024-04-04T15:47:40 IST" duration-ms="0" status="PASS">
          <params>
            <param index="0">
              <value>
                <![CDATA[[TestResult name={null} status=CREATED method=HomePageTest.testCheckInDate()[pri:3, instance:tests.HomePageTest@31fa1761] output={null}]]]>
              </value>
            </param>
          </params>
          <reporter-output>
          </reporter-output>
        </test-method> <!-- beforeMethod -->
        <test-method signature="testCheckInDate()[pri:3, instance:tests.HomePageTest@31fa1761]" started-at="2024-04-04T15:47:40 IST" name="testCheckInDate" finished-at="2024-04-04T15:47:40 IST" duration-ms="318" status="PASS">
          <reporter-output>
          </reporter-output>
        </test-method> <!-- testCheckInDate -->
        <test-method is-config="true" signature="getResult(org.testng.ITestResult)[pri:0, instance:tests.HomePageTest@31fa1761]" started-at="2024-04-04T15:47:40 IST" name="getResult" finished-at="2024-04-04T15:47:40 IST" duration-ms="243" status="PASS">
          <params>
            <param index="0">
              <value>
                <![CDATA[[TestResult name=testCheckInDate status=SUCCESS method=HomePageTest.testCheckInDate()[pri:3, instance:tests.HomePageTest@31fa1761] output={null}]]]>
              </value>
            </param>
          </params>
          <reporter-output>
          </reporter-output>
        </test-method> <!-- getResult -->
        <test-method is-config="true" signature="beforeMethod(org.testng.ITestResult)[pri:0, instance:tests.HomePageTest@31fa1761]" started-at="2024-04-04T15:47:40 IST" name="beforeMethod" finished-at="2024-04-04T15:47:40 IST" duration-ms="1" status="PASS">
          <params>
            <param index="0">
              <value>
                <![CDATA[[TestResult name={null} status=CREATED method=HomePageTest.testCheckOutDate()[pri:4, instance:tests.HomePageTest@31fa1761] output={null}]]]>
              </value>
            </param>
          </params>
          <reporter-output>
          </reporter-output>
        </test-method> <!-- beforeMethod -->
        <test-method signature="testCheckOutDate()[pri:4, instance:tests.HomePageTest@31fa1761]" started-at="2024-04-04T15:47:40 IST" name="testCheckOutDate" finished-at="2024-04-04T15:47:41 IST" duration-ms="695" status="PASS">
          <reporter-output>
          </reporter-output>
        </test-method> <!-- testCheckOutDate -->
        <test-method is-config="true" signature="getResult(org.testng.ITestResult)[pri:0, instance:tests.HomePageTest@31fa1761]" started-at="2024-04-04T15:47:41 IST" name="getResult" finished-at="2024-04-04T15:47:41 IST" duration-ms="338" status="PASS">
          <params>
            <param index="0">
              <value>
                <![CDATA[[TestResult name=testCheckOutDate status=SUCCESS method=HomePageTest.testCheckOutDate()[pri:4, instance:tests.HomePageTest@31fa1761] output={null}]]]>
              </value>
            </param>
          </params>
          <reporter-output>
          </reporter-output>
        </test-method> <!-- getResult -->
        <test-method is-config="true" signature="beforeMethod(org.testng.ITestResult)[pri:0, instance:tests.HomePageTest@31fa1761]" started-at="2024-04-04T15:47:41 IST" name="beforeMethod" finished-at="2024-04-04T15:47:41 IST" duration-ms="0" status="PASS">
          <params>
            <param index="0">
              <value>
                <![CDATA[[TestResult name={null} status=CREATED method=HomePageTest.testGuestsAndRooms()[pri:5, instance:tests.HomePageTest@31fa1761] output={null}]]]>
              </value>
            </param>
          </params>
          <reporter-output>
          </reporter-output>
        </test-method> <!-- beforeMethod -->
        <test-method signature="testGuestsAndRooms()[pri:5, instance:tests.HomePageTest@31fa1761]" started-at="2024-04-04T15:47:41 IST" name="testGuestsAndRooms" finished-at="2024-04-04T15:47:42 IST" duration-ms="608" status="PASS">
          <reporter-output>
          </reporter-output>
        </test-method> <!-- testGuestsAndRooms -->
        <test-method is-config="true" signature="getResult(org.testng.ITestResult)[pri:0, instance:tests.HomePageTest@31fa1761]" started-at="2024-04-04T15:47:42 IST" name="getResult" finished-at="2024-04-04T15:47:42 IST" duration-ms="324" status="PASS">
          <params>
            <param index="0">
              <value>
                <![CDATA[[TestResult name=testGuestsAndRooms status=SUCCESS method=HomePageTest.testGuestsAndRooms()[pri:5, instance:tests.HomePageTest@31fa1761] output={null}]]]>
              </value>
            </param>
          </params>
          <reporter-output>
          </reporter-output>
        </test-method> <!-- getResult -->
        <test-method is-config="true" signature="beforeMethod(org.testng.ITestResult)[pri:0, instance:tests.HomePageTest@31fa1761]" started-at="2024-04-04T15:47:42 IST" name="beforeMethod" finished-at="2024-04-04T15:47:42 IST" duration-ms="1" status="PASS">
          <params>
            <param index="0">
              <value>
                <![CDATA[[TestResult name={null} status=CREATED method=HomePageTest.testSearchButton()[pri:6, instance:tests.HomePageTest@31fa1761] output={null}]]]>
              </value>
            </param>
          </params>
          <reporter-output>
          </reporter-output>
        </test-method> <!-- beforeMethod -->
        <test-method signature="testSearchButton()[pri:6, instance:tests.HomePageTest@31fa1761]" started-at="2024-04-04T15:47:42 IST" name="testSearchButton" finished-at="2024-04-04T15:48:48 IST" duration-ms="65788" status="PASS">
          <reporter-output>
          </reporter-output>
        </test-method> <!-- testSearchButton -->
        <test-method is-config="true" signature="getResult(org.testng.ITestResult)[pri:0, instance:tests.HomePageTest@31fa1761]" started-at="2024-04-04T15:48:48 IST" name="getResult" finished-at="2024-04-04T15:48:48 IST" duration-ms="217" status="PASS">
          <params>
            <param index="0">
              <value>
                <![CDATA[[TestResult name=testSearchButton status=SUCCESS method=HomePageTest.testSearchButton()[pri:6, instance:tests.HomePageTest@31fa1761] output={null}]]]>
              </value>
            </param>
          </params>
          <reporter-output>
          </reporter-output>
        </test-method> <!-- getResult -->
      </class> <!-- tests.HomePageTest -->
      <class name="tests.BaseTest">
        <test-method is-config="true" signature="setUp(java.lang.String)[pri:0, instance:tests.BaseTest@729d991e]" started-at="2024-04-04T15:46:56 IST" name="setUp" finished-at="2024-04-04T15:47:36 IST" duration-ms="40014" status="PASS">
          <params>
            <param index="0">
              <value>
                <![CDATA[edge]]>
              </value>
            </param>
          </params>
          <reporter-output>
          </reporter-output>
        </test-method> <!-- setUp -->
        <test-method is-config="true" signature="tearDown()[pri:0, instance:tests.BaseTest@729d991e]" started-at="2024-04-04T15:49:44 IST" name="tearDown" finished-at="2024-04-04T15:49:50 IST" duration-ms="5123" status="PASS">
          <reporter-output>
          </reporter-output>
        </test-method> <!-- tearDown -->
      </class> <!-- tests.BaseTest -->
      <class name="tests.CruisesSearchPageTest">
        <test-method is-config="true" signature="loading()[pri:0, instance:tests.CruisesSearchPageTest@32502377]" started-at="2024-04-04T15:49:32 IST" name="loading" finished-at="2024-04-04T15:49:32 IST" duration-ms="0" status="PASS">
          <reporter-output>
          </reporter-output>
        </test-method> <!-- loading -->
        <test-method is-config="true" signature="beforeMethod(org.testng.ITestResult)[pri:0, instance:tests.CruisesSearchPageTest@32502377]" started-at="2024-04-04T15:49:32 IST" name="beforeMethod" finished-at="2024-04-04T15:49:32 IST" duration-ms="0" status="PASS">
          <params>
            <param index="0">
              <value>
                <![CDATA[[TestResult name={null} status=CREATED method=CruisesSearchPageTest.moveToCruisePage()[pri:1, instance:tests.CruisesSearchPageTest@32502377] output={null}]]]>
              </value>
            </param>
          </params>
          <reporter-output>
          </reporter-output>
        </test-method> <!-- beforeMethod -->
        <test-method signature="moveToCruisePage()[pri:1, instance:tests.CruisesSearchPageTest@32502377]" started-at="2024-04-04T15:49:32 IST" name="moveToCruisePage" finished-at="2024-04-04T15:49:35 IST" duration-ms="2459" status="PASS">
          <reporter-output>
          </reporter-output>
        </test-method> <!-- moveToCruisePage -->
        <test-method is-config="true" signature="getResult(org.testng.ITestResult)[pri:0, instance:tests.CruisesSearchPageTest@32502377]" started-at="2024-04-04T15:49:35 IST" name="getResult" finished-at="2024-04-04T15:49:35 IST" duration-ms="309" status="PASS">
          <params>
            <param index="0">
              <value>
                <![CDATA[[TestResult name=moveToCruisePage status=SUCCESS method=CruisesSearchPageTest.moveToCruisePage()[pri:1, instance:tests.CruisesSearchPageTest@32502377] output={null}]]]>
              </value>
            </param>
          </params>
          <reporter-output>
          </reporter-output>
        </test-method> <!-- getResult -->
        <test-method signature="testCruiseSelection()[pri:2, instance:tests.CruisesSearchPageTest@32502377]" started-at="2024-04-04T15:49:35 IST" name="testCruiseSelection" finished-at="2024-04-04T15:49:39 IST" duration-ms="4088" status="PASS">
          <reporter-output>
          </reporter-output>
        </test-method> <!-- testCruiseSelection -->
        <test-method is-config="true" signature="beforeMethod(org.testng.ITestResult)[pri:0, instance:tests.CruisesSearchPageTest@32502377]" started-at="2024-04-04T15:49:35 IST" name="beforeMethod" finished-at="2024-04-04T15:49:35 IST" duration-ms="0" status="PASS">
          <params>
            <param index="0">
              <value>
                <![CDATA[[TestResult name={null} status=CREATED method=CruisesSearchPageTest.testCruiseSelection()[pri:2, instance:tests.CruisesSearchPageTest@32502377] output={null}]]]>
              </value>
            </param>
          </params>
          <reporter-output>
          </reporter-output>
        </test-method> <!-- beforeMethod -->
        <test-method is-config="true" signature="getResult(org.testng.ITestResult)[pri:0, instance:tests.CruisesSearchPageTest@32502377]" started-at="2024-04-04T15:49:39 IST" name="getResult" finished-at="2024-04-04T15:49:39 IST" duration-ms="215" status="PASS">
          <params>
            <param index="0">
              <value>
                <![CDATA[[TestResult name=testCruiseSelection status=SUCCESS method=CruisesSearchPageTest.testCruiseSelection()[pri:2, instance:tests.CruisesSearchPageTest@32502377] output={null}]]]>
              </value>
            </param>
          </params>
          <reporter-output>
          </reporter-output>
        </test-method> <!-- getResult -->
        <test-method is-config="true" signature="beforeMethod(org.testng.ITestResult)[pri:0, instance:tests.CruisesSearchPageTest@32502377]" started-at="2024-04-04T15:49:39 IST" name="beforeMethod" finished-at="2024-04-04T15:49:39 IST" duration-ms="0" status="PASS">
          <params>
            <param index="0">
              <value>
                <![CDATA[[TestResult name={null} status=CREATED method=CruisesSearchPageTest.findShipDetails()[pri:3, instance:tests.CruisesSearchPageTest@32502377] output={null}]]]>
              </value>
            </param>
          </params>
          <reporter-output>
          </reporter-output>
        </test-method> <!-- beforeMethod -->
        <test-method signature="findShipDetails()[pri:3, instance:tests.CruisesSearchPageTest@32502377]" started-at="2024-04-04T15:49:39 IST" name="findShipDetails" finished-at="2024-04-04T15:49:44 IST" duration-ms="4461" status="PASS">
          <reporter-output>
          </reporter-output>
        </test-method> <!-- findShipDetails -->
        <test-method is-config="true" signature="getResult(org.testng.ITestResult)[pri:0, instance:tests.CruisesSearchPageTest@32502377]" started-at="2024-04-04T15:49:44 IST" name="getResult" finished-at="2024-04-04T15:49:44 IST" duration-ms="271" status="PASS">
          <params>
            <param index="0">
              <value>
                <![CDATA[[TestResult name=findShipDetails status=SUCCESS method=CruisesSearchPageTest.findShipDetails()[pri:3, instance:tests.CruisesSearchPageTest@32502377] output={null}]]]>
              </value>
            </param>
          </params>
          <reporter-output>
          </reporter-output>
        </test-method> <!-- getResult -->
        <test-method is-config="true" signature="beforeMethod(org.testng.ITestResult)[pri:0, instance:tests.CruisesSearchPageTest@32502377]" started-at="2024-04-04T15:49:44 IST" name="beforeMethod" finished-at="2024-04-04T15:49:44 IST" duration-ms="0" status="PASS">
          <params>
            <param index="0">
              <value>
                <![CDATA[[TestResult name={null} status=CREATED method=CruisesSearchPageTest.getShipDetails()[pri:4, instance:tests.CruisesSearchPageTest@32502377] output={null}]]]>
              </value>
            </param>
          </params>
          <reporter-output>
          </reporter-output>
        </test-method> <!-- beforeMethod -->
        <test-method signature="getShipDetails()[pri:4, instance:tests.CruisesSearchPageTest@32502377]" started-at="2024-04-04T15:49:44 IST" name="getShipDetails" finished-at="2024-04-04T15:49:44 IST" duration-ms="203" status="PASS">
          <reporter-output>
          </reporter-output>
        </test-method> <!-- getShipDetails -->
        <test-method is-config="true" signature="getResult(org.testng.ITestResult)[pri:0, instance:tests.CruisesSearchPageTest@32502377]" started-at="2024-04-04T15:49:44 IST" name="getResult" finished-at="2024-04-04T15:49:44 IST" duration-ms="146" status="PASS">
          <params>
            <param index="0">
              <value>
                <![CDATA[[TestResult name=getShipDetails status=SUCCESS method=CruisesSearchPageTest.getShipDetails()[pri:4, instance:tests.CruisesSearchPageTest@32502377] output={null}]]]>
              </value>
            </param>
          </params>
          <reporter-output>
          </reporter-output>
        </test-method> <!-- getResult -->
      </class> <!-- tests.CruisesSearchPageTest -->
      <class name="tests.HotelsSearchPageTest">
        <test-method is-config="true" signature="loading()[pri:0, instance:tests.HotelsSearchPageTest@957e06]" started-at="2024-04-04T15:48:48 IST" name="loading" finished-at="2024-04-04T15:48:48 IST" duration-ms="1" status="PASS">
          <reporter-output>
          </reporter-output>
        </test-method> <!-- loading -->
        <test-method signature="testHotelSearchPageTitle()[pri:1, instance:tests.HotelsSearchPageTest@957e06]" started-at="2024-04-04T15:48:48 IST" name="testHotelSearchPageTitle" finished-at="2024-04-04T15:48:48 IST" duration-ms="14" status="PASS">
          <reporter-output>
          </reporter-output>
        </test-method> <!-- testHotelSearchPageTitle -->
        <test-method is-config="true" signature="beforeMethod(org.testng.ITestResult)[pri:0, instance:tests.HotelsSearchPageTest@957e06]" started-at="2024-04-04T15:48:48 IST" name="beforeMethod" finished-at="2024-04-04T15:48:48 IST" duration-ms="0" status="PASS">
          <params>
            <param index="0">
              <value>
                <![CDATA[[TestResult name={null} status=CREATED method=HotelsSearchPageTest.testHotelSearchPageTitle()[pri:1, instance:tests.HotelsSearchPageTest@957e06] output={null}]]]>
              </value>
            </param>
          </params>
          <reporter-output>
          </reporter-output>
        </test-method> <!-- beforeMethod -->
        <test-method is-config="true" signature="getResult(org.testng.ITestResult)[pri:0, instance:tests.HotelsSearchPageTest@957e06]" started-at="2024-04-04T15:48:48 IST" name="getResult" finished-at="2024-04-04T15:48:48 IST" duration-ms="211" status="PASS">
          <params>
            <param index="0">
              <value>
                <![CDATA[[TestResult name=testHotelSearchPageTitle status=SUCCESS method=HotelsSearchPageTest.testHotelSearchPageTitle()[pri:1, instance:tests.HotelsSearchPageTest@957e06] output={null}]]]>
              </value>
            </param>
          </params>
          <reporter-output>
          </reporter-output>
        </test-method> <!-- getResult -->
        <test-method is-config="true" signature="beforeMethod(org.testng.ITestResult)[pri:0, instance:tests.HotelsSearchPageTest@957e06]" started-at="2024-04-04T15:48:48 IST" name="beforeMethod" finished-at="2024-04-04T15:48:48 IST" duration-ms="1" status="PASS">
          <params>
            <param index="0">
              <value>
                <![CDATA[[TestResult name={null} status=CREATED method=HotelsSearchPageTest.sortHotels()[pri:2, instance:tests.HotelsSearchPageTest@957e06] output={null}]]]>
              </value>
            </param>
          </params>
          <reporter-output>
          </reporter-output>
        </test-method> <!-- beforeMethod -->
        <test-method signature="sortHotels()[pri:2, instance:tests.HotelsSearchPageTest@957e06]" started-at="2024-04-04T15:48:48 IST" name="sortHotels" finished-at="2024-04-04T15:48:49 IST" duration-ms="577" status="PASS">
          <reporter-output>
          </reporter-output>
        </test-method> <!-- sortHotels -->
        <test-method is-config="true" signature="getResult(org.testng.ITestResult)[pri:0, instance:tests.HotelsSearchPageTest@957e06]" started-at="2024-04-04T15:48:49 IST" name="getResult" finished-at="2024-04-04T15:48:49 IST" duration-ms="255" status="PASS">
          <params>
            <param index="0">
              <value>
                <![CDATA[[TestResult name=sortHotels status=SUCCESS method=HotelsSearchPageTest.sortHotels()[pri:2, instance:tests.HotelsSearchPageTest@957e06] output={null}]]]>
              </value>
            </param>
          </params>
          <reporter-output>
          </reporter-output>
        </test-method> <!-- getResult -->
        <test-method is-config="true" signature="beforeMethod(org.testng.ITestResult)[pri:0, instance:tests.HotelsSearchPageTest@957e06]" started-at="2024-04-04T15:48:49 IST" name="beforeMethod" finished-at="2024-04-04T15:48:49 IST" duration-ms="0" status="PASS">
          <params>
            <param index="0">
              <value>
                <![CDATA[[TestResult name={null} status=CREATED method=HotelsSearchPageTest.selectPropertyType()[pri:3, instance:tests.HotelsSearchPageTest@957e06] output={null}]]]>
              </value>
            </param>
          </params>
          <reporter-output>
          </reporter-output>
        </test-method> <!-- beforeMethod -->
        <test-method signature="selectPropertyType()[pri:3, instance:tests.HotelsSearchPageTest@957e06]" started-at="2024-04-04T15:48:49 IST" name="selectPropertyType" finished-at="2024-04-04T15:48:50 IST" duration-ms="1063" status="PASS">
          <reporter-output>
          </reporter-output>
        </test-method> <!-- selectPropertyType -->
        <test-method is-config="true" signature="getResult(org.testng.ITestResult)[pri:0, instance:tests.HotelsSearchPageTest@957e06]" started-at="2024-04-04T15:48:50 IST" name="getResult" finished-at="2024-04-04T15:48:50 IST" duration-ms="167" status="PASS">
          <params>
            <param index="0">
              <value>
                <![CDATA[[TestResult name=selectPropertyType status=SUCCESS method=HotelsSearchPageTest.selectPropertyType()[pri:3, instance:tests.HotelsSearchPageTest@957e06] output={null}]]]>
              </value>
            </param>
          </params>
          <reporter-output>
          </reporter-output>
        </test-method> <!-- getResult -->
        <test-method is-config="true" signature="beforeMethod(org.testng.ITestResult)[pri:0, instance:tests.HotelsSearchPageTest@957e06]" started-at="2024-04-04T15:48:50 IST" name="beforeMethod" finished-at="2024-04-04T15:48:50 IST" duration-ms="1" status="PASS">
          <params>
            <param index="0">
              <value>
                <![CDATA[[TestResult name={null} status=CREATED method=HotelsSearchPageTest.selectAmenity()[pri:4, instance:tests.HotelsSearchPageTest@957e06] output={null}]]]>
              </value>
            </param>
          </params>
          <reporter-output>
          </reporter-output>
        </test-method> <!-- beforeMethod -->
        <test-method signature="selectAmenity()[pri:4, instance:tests.HotelsSearchPageTest@957e06]" started-at="2024-04-04T15:48:50 IST" name="selectAmenity" finished-at="2024-04-04T15:48:54 IST" duration-ms="3638" status="PASS">
          <reporter-output>
          </reporter-output>
        </test-method> <!-- selectAmenity -->
        <test-method is-config="true" signature="getResult(org.testng.ITestResult)[pri:0, instance:tests.HotelsSearchPageTest@957e06]" started-at="2024-04-04T15:48:54 IST" name="getResult" finished-at="2024-04-04T15:48:54 IST" duration-ms="181" status="PASS">
          <params>
            <param index="0">
              <value>
                <![CDATA[[TestResult name=selectAmenity status=SUCCESS method=HotelsSearchPageTest.selectAmenity()[pri:4, instance:tests.HotelsSearchPageTest@957e06] output={null}]]]>
              </value>
            </param>
          </params>
          <reporter-output>
          </reporter-output>
        </test-method> <!-- getResult -->
        <test-method is-config="true" signature="beforeMethod(org.testng.ITestResult)[pri:0, instance:tests.HotelsSearchPageTest@957e06]" started-at="2024-04-04T15:48:54 IST" name="beforeMethod" finished-at="2024-04-04T15:48:54 IST" duration-ms="1" status="PASS">
          <params>
            <param index="0">
              <value>
                <![CDATA[[TestResult name={null} status=CREATED method=HotelsSearchPageTest.getHotelsDetails()[pri:5, instance:tests.HotelsSearchPageTest@957e06] output={null}]]]>
              </value>
            </param>
          </params>
          <reporter-output>
          </reporter-output>
        </test-method> <!-- beforeMethod -->
        <test-method signature="getHotelsDetails()[pri:5, instance:tests.HotelsSearchPageTest@957e06]" started-at="2024-04-04T15:48:54 IST" name="getHotelsDetails" finished-at="2024-04-04T15:48:56 IST" duration-ms="2134" status="PASS">
          <reporter-output>
          </reporter-output>
        </test-method> <!-- getHotelsDetails -->
        <test-method is-config="true" signature="getResult(org.testng.ITestResult)[pri:0, instance:tests.HotelsSearchPageTest@957e06]" started-at="2024-04-04T15:48:56 IST" name="getResult" finished-at="2024-04-04T15:48:57 IST" duration-ms="245" status="PASS">
          <params>
            <param index="0">
              <value>
                <![CDATA[[TestResult name=getHotelsDetails status=SUCCESS method=HotelsSearchPageTest.getHotelsDetails()[pri:5, instance:tests.HotelsSearchPageTest@957e06] output={null}]]]>
              </value>
            </param>
          </params>
          <reporter-output>
          </reporter-output>
        </test-method> <!-- getResult -->
        <test-method is-config="true" signature="beforeMethod(org.testng.ITestResult)[pri:0, instance:tests.HotelsSearchPageTest@957e06]" started-at="2024-04-04T15:48:57 IST" name="beforeMethod" finished-at="2024-04-04T15:48:57 IST" duration-ms="1" status="PASS">
          <params>
            <param index="0">
              <value>
                <![CDATA[[TestResult name={null} status=CREATED method=HotelsSearchPageTest.moveToHomePage()[pri:5, instance:tests.HotelsSearchPageTest@957e06] output={null}]]]>
              </value>
            </param>
          </params>
          <reporter-output>
          </reporter-output>
        </test-method> <!-- beforeMethod -->
        <test-method signature="moveToHomePage()[pri:5, instance:tests.HotelsSearchPageTest@957e06]" started-at="2024-04-04T15:48:57 IST" name="moveToHomePage" finished-at="2024-04-04T15:49:32 IST" duration-ms="35353" status="PASS">
          <reporter-output>
          </reporter-output>
        </test-method> <!-- moveToHomePage -->
        <test-method is-config="true" signature="getResult(org.testng.ITestResult)[pri:0, instance:tests.HotelsSearchPageTest@957e06]" started-at="2024-04-04T15:49:32 IST" name="getResult" finished-at="2024-04-04T15:49:32 IST" duration-ms="242" status="PASS">
          <params>
            <param index="0">
              <value>
                <![CDATA[[TestResult name=moveToHomePage status=SUCCESS method=HotelsSearchPageTest.moveToHomePage()[pri:5, instance:tests.HotelsSearchPageTest@957e06] output={null}]]]>
              </value>
            </param>
          </params>
          <reporter-output>
          </reporter-output>
        </test-method> <!-- getResult -->
      </class> <!-- tests.HotelsSearchPageTest -->
    </test> <!-- EdgeTest -->
  </suite> <!-- Suite -->
</testng-results>
